Continuing.
1" "4198764"
"2" "4198772"
"3" "4198786"
"4" "4198847"
"5" "4198865"
"6" "4198868"
"7" "4198886"
"8" "4198893"
"0" "4198925"
"8" "4198925"
"9" "4198925"
"1" "4198951"
"9" "4198951"
"10" "4198951"
"2" "4199008"
"10" "4199008"
"11" "4199008"
"3" "4199026"
"11" "4199026"
"12" "4199026"
"4" "4199062"
"12" "4199062"
"13" "4199062"
"5" "4199069"
"13" "4199069"
"14" "4199069"
"15" "4199140"
"7" "4199265"
"15" "4199265"
"16" "4199265"
"17" "4199268"
"1" "4199340"
"17" "4199340"
"18" "4199340"
"2" "4199353"
"18" "4199353"
"19" "4199353"
"20" "4199463"
"21" "4199595"
"5" "4199684"
"21" "4199684"
"22" "4199684"
"6" "4199687"
"22" "4199687"
"23" "4199687"
"24" "4199705"
"0" "4199802"
"24" "4199802"
"25" "4199802"
"1" "4199834"
"25" "4199834"
"26" "4199834"
"2" "4199842"
"26" "4199842"
"27" "4199842"
"3" "4199898"
"27" "4199898"
"28" "4199898"
"29" "4199962"
"5" "4200018"
"29" "4200018"
"30" "4200018"
"31" "4200031"
"7" "4200108"
"31" "4200108"
"32" "4200108"
"0" "4200124"
"32" "4200124"
"33" "4200124"
"1" "4200146"
"33" "4200146"
"34" "4200146"
"2" "4200162"
"34" "4200162"
"35" "4200162"
"3" "4200189"
"35" "4200189"
"36" "4200189"
"37" "4200216"
"5" "4200265"
"37" "4200265"
"38" "4200265"
"6" "4200287"
"38" "4200287"
"39" "4200287"
"7" "4200303"
"39" "4200303"
"40" "4200303"
"0" "4200330"
"40" "4200330"
"41" "4200330"
"1" "4200357"
"41" "4200357"
"42" "4200357"
"2" "4200433"
"42" "4200433"
"43" "4200433"
"3" "4200472"
"43" "4200472"
"44" "4200472"
"4" "4200485"
"44" "4200485"
"45" "4200485"
"5" "4200498"
"45" "4200498"
"46" "4200498"
"47" "4200525"
"7" "4200638"
"47" "4200638"
"48" "4200638"
"0" "4200665"
"48" "4200665"
"49" "4200665"
"1" "4200729"
"49" "4200729"
"50" "4200729"
"2" "4200745"
"50" "4200745"
"51" "4200745"
"3" "4200822"
"51" "4200822"
"52" "4200822"
"53" "4200840"
"5" "4200908"
"53" "4200908"
"54" "4200908"
"6" "4200938"
"54" "4200938"
"55" "4200938"
"7" "4200979"
"55" "4200979"
"56" "4200979"
"0" "4201015"
"56" "4201015"
"57" "4201015"
"58" "4201027"
"2" "4201081"
"58" "4201081"
"59" "4201081"
"60" "4201145"
"61" "4201197"
"5" "4201205"
"61" "4201205"
"62" "4201205"
"6" "4201208"
"62" "4201208"
"63" "4201208"
"7" "4201243"
"63" "4201243"
"64" "4201243"
"0" "4201272"
"64" "4201272"
"65" "4201272"
"1" "4201375"
"65" "4201375"
"66" "4201375"
"2" "4201391"
"66" "4201391"
"67" "4201391"
"68" "4201458"
"4" "4201660"
"68" "4201660"
"69" "4201660"
"5" "4201705"
"69" "4201705"
"70" "4201705"
"6" "4201821"
"70" "4201821"
"71" "4201821"
"7" "4201866"
"71" "4201866"
"72" "4201866"
"0" "4201951"
"72" "4201951"
"73" "4201951"
"74" "4201982"
"2" "4202002"
"74" "4202002"
"75" "4202002"
"3" "4202005"
"75" "4202005"
"76" "4202005"
"4" "4202008"
"76" "4202008"
"77" "4202008"
"78" "4202032"
"79" "4202082"
"80" "4202128"
"0" "4202152"
"80" "4202152"
"81" "4202152"
"82" "4202185"
"83" "4202244"
"84" "4202248"
"85" "4202256"
"5" "4202261"
"85" "4202261"
"86" "4202261"
"6" "4202266"
"86" "4202266"
"87" "4202266"
"7" "4202278"
"87" "4202278"
"88" "4202278"
"0" "4202306"
"88" "4202306"
"89" "4202306"
"1" "4202309"
"89" "4202309"
"90" "4202309"
"2" "4202314"
"90" "4202314"
"91" "4202314"
"3" "4202331"
"91" "4202331"
"92" "4202331"
"
Program received signal SIGINT, Interrupt.
0x0000000000401f21 in ?? ()
Warning: 'set logging off', an alias for the command 'set logging enabled', is deprecated.
Use 'set logging enabled off'.

Continuing.
=> 0x4011d7:	mov    BYTE PTR [rsp+rcx*1],al
   0x4011da:	add    ecx,0x1
=> 0x4011e0:	cmp    ecx,0x10
   0x4011e3:	jl     0x4011d7
=> 0x4011e0:	cmp    ecx,0x10
   0x4011e3:	jl     0x4011d7
=> 0x4011e0:	cmp    ecx,0x10
   0x4011e3:	jl     0x4011d7
=> 0x4011e0:	cmp    ecx,0x10
   0x4011e3:	jl     0x4011d7
=> 0x4011e0:	cmp    ecx,0x10
   0x4011e3:	jl     0x4011d7
=> 0x4011e0:	cmp    ecx,0x10
   0x4011e3:	jl     0x4011d7
=> 0x4011e0:	cmp    ecx,0x10
   0x4011e3:	jl     0x4011d7
=> 0x4011e0:	cmp    ecx,0x10
   0x4011e3:	jl     0x4011d7
=> 0x4011e0:	cmp    ecx,0x10
   0x4011e3:	jl     0x4011d7
=> 0x4011e0:	cmp    ecx,0x10
   0x4011e3:	jl     0x4011d7
=> 0x4011e0:	cmp    ecx,0x10
   0x4011e3:	jl     0x4011d7
=> 0x4011e0:	cmp    ecx,0x10
   0x4011e3:	jl     0x4011d7
=> 0x4011e0:	cmp    ecx,0x10
   0x4011e3:	jl     0x4011d7
=> 0x4011e0:	cmp    ecx,0x10
   0x4011e3:	jl     0x4011d7
=> 0x4011e0:	cmp    ecx,0x10
   0x4011e3:	jl     0x4011d7
=> 0x4011e0:	cmp    ecx,0x10
   0x4011e3:	jl     0x4011d7
=> 0x401dd2:	jmp    0x4011ed
   0x401dd7:	sub    rsp,0x20
=> 0x4011f0:	lea    rsi,[rip+0xffffffffffffff6a]        # 0x401161
   0x4011f7:	lea    rbx,[rip+0xd86]        # 0x401f84
1" "0x40116c" "=> 0x401b58:	add    rsi,0x7
   0x401b5c:	jmp    0x4011fe
2" "0x401174" "=> 0x4014c2:	add    rsi,0x3
   0x4014c6:	jmp    0x4011fe
3" "0x401182" "=> 0x4014c2:	add    rsi,0x3
   0x4014c6:	jmp    0x4011fe
4" "0x4011bf" "=> 0x401cd2:	add    rsi,0x9
   0x401cd6:	jmp    0x4011fe
5" "0x4011d1" "=> 0x4014c2:	add    rsi,0x3
   0x4014c6:	jmp    0x4011fe
6" "0x4011d4" "=> 0x4014c2:	add    rsi,0x3
   0x4014c6:	jmp    0x4011fe
7" "0x4011e6" "=> 0x401590:	add    rsi,0x2
   0x401594:	jmp    0x4011fe
8" "0x4011ed" "=> 0x4014c2:	add    rsi,0x3
   0x4014c6:	jmp    0x4011fe
0" "0x40120d" "=> 0x401a84:	mov    al,0x1
   0x401a86:	shl    al,cl
8" "0x40120d" "=> 0x401a89:	or     BYTE PTR [rbp+rdx*1+0x0],al
   0x401a8d:	inc    ecx
9" "0x40120d" "=> 0x401a8f:	cmp    eax,0x4
   0x401a92:	jne    0x401a99
1" "0x401227" "=> 0x401a84:	mov    al,0x1
   0x401a86:	shl    al,cl
9" "0x401227" "=> 0x401a89:	or     BYTE PTR [rbp+rdx*1+0x0],al
   0x401a8d:	inc    ecx
10" "0x401227" "=> 0x401a8f:	cmp    eax,0x4
   0x401a92:	jne    0x401a99
2" "0x401260" "=> 0x40127d:	mov    al,0x1
   0x40127f:	shl    al,cl
10" "0x401260" "=> 0x401282:	or     BYTE PTR [rbp+rdx*1+0x0],al
   0x401286:	inc    ecx
11" "0x401260" "=> 0x401288:	add    rsi,0x2
   0x40128c:	jmp    0x4011fe
3" "0x401272" "=> 0x401585:	mov    al,0x1
   0x401587:	shl    al,cl
11" "0x401272" "=> 0x40158a:	or     BYTE PTR [rbp+rdx*1+0x0],al
   0x40158e:	inc    ecx
12" "0x401272" "=> 0x401590:	add    rsi,0x2
   0x401594:	jmp    0x4011fe
4" "0x401296" "=> 0x401cf4:	mov    al,0x1
   0x401cf6:	shl    al,cl
12" "0x401296" "=> 0x401cf9:	or     BYTE PTR [rbp+rdx*1+0x0],al
   0x401cfd:	add    ecx,0x1
13" "0x401296" "=> 0x401d03:	add    rsi,0x5
   0x401d07:	jmp    0x4011fe
5" "0x40129d" "=> 0x401585:	mov    al,0x1
   0x401587:	shl    al,cl
13" "0x40129d" "=> 0x40158a:	or     BYTE PTR [rbp+rdx*1+0x0],al
   0x40158e:	inc    ecx
14" "0x40129d" "=> 0x401590:	add    rsi,0x2
   0x401594:	jmp    0x4011fe
15" "0x4012e4" "=> 0x401b79:	cmp    eax,0x4
   0x401b7c:	jne    0x401b83
7" "0x401361" "=> 0x401ac5:	mov    al,0x1
   0x401ac7:	shl    al,cl
15" "0x401361" "=> 0x401aca:	or     BYTE PTR [rbp+rdx*1+0x0],al
   0x401ace:	inc    ecx
16" "0x401361" "=> 0x401ad0:	cmp    eax,0x4
   0x401ad3:	jne    0x401ada
17" "0x401364" "=> 0x401b79:	cmp    eax,0x4
   0x401b7c:	jne    0x401b83
1" "0x4013ac" "=> 0x401ac5:	mov    al,0x1
   0x401ac7:	shl    al,cl
17" "0x4013ac" "=> 0x401aca:	or     BYTE PTR [rbp+rdx*1+0x0],al
   0x401ace:	inc    ecx
18" "0x4013ac" "=> 0x401ad0:	cmp    eax,0x4
   0x401ad3:	jne    0x401ada
2" "0x4013b9" "=> 0x401ac5:	mov    al,0x1
   0x401ac7:	shl    al,cl
18" "0x4013b9" "=> 0x401aca:	or     BYTE PTR [rbp+rdx*1+0x0],al
   0x401ace:	inc    ecx
19" "0x4013b9" "=> 0x401ad0:	cmp    eax,0x4
   0x401ad3:	jne    0x401ada
20" "0x401427" "=> 0x401b79:	cmp    eax,0x4
   0x401b7c:	jne    0x401b83
21" "0x4014ab" "=> 0x401b79:	cmp    eax,0x4
   0x401b7c:	jne    0x401b83
5" "0x401504" "=> 0x401ac5:	mov    al,0x1
   0x401ac7:	shl    al,cl
21" "0x401504" "=> 0x401aca:	or     BYTE PTR [rbp+rdx*1+0x0],al
   0x401ace:	inc    ecx
22" "0x401504" "=> 0x401ad0:	cmp    eax,0x4
   0x401ad3:	jne    0x401ada
6" "0x401507" "=> 0x401585:	mov    al,0x1
   0x401587:	shl    al,cl
22" "0x401507" "=> 0x40158a:	or     BYTE PTR [rbp+rdx*1+0x0],al
   0x40158e:	inc    ecx
23" "0x401507" "=> 0x401590:	add    rsi,0x2
   0x401594:	jmp    0x4011fe
24" "0x401519" "=> 0x401b79:	cmp    eax,0x4
   0x401b7c:	jne    0x401b83
0" "0x40157a" "=> 0x401585:	mov    al,0x1
   0x401587:	shl    al,cl
24" "0x40157a" "=> 0x40158a:	or     BYTE PTR [rbp+rdx*1+0x0],al
   0x40158e:	inc    ecx
25" "0x40157a" "=> 0x401590:	add    rsi,0x2
   0x401594:	jmp    0x4011fe
1" "0x40159a" "=> 0x401626:	mov    al,0x1
   0x401628:	shl    al,cl
25" "0x40159a" "=> 0x40162b:	or     BYTE PTR [rbp+rdx*1+0x0],al
   0x40162f:	add    ecx,0x1
26" "0x40159a" "=> 0x401635:	cmp    eax,0x4
   0x401638:	jne    0x40163f
2" "0x4015a2" "=> 0x401ac5:	mov    al,0x1
   0x401ac7:	shl    al,cl
26" "0x4015a2" "=> 0x401aca:	or     BYTE PTR [rbp+rdx*1+0x0],al
   0x401ace:	inc    ecx
27" "0x4015a2" "=> 0x401ad0:	cmp    eax,0x4
   0x401ad3:	jne    0x401ada
3" "0x4015da" "=> 0x401585:	mov    al,0x1
   0x401587:	shl    al,cl
27" "0x4015da" "=> 0x40158a:	or     BYTE PTR [rbp+rdx*1+0x0],al
   0x40158e:	inc    ecx
28" "0x4015da" "=> 0x401590:	add    rsi,0x2
   0x401594:	jmp    0x4011fe
29" "0x40161a" "=> 0x401b79:	cmp    eax,0x4
   0x401b7c:	jne    0x401b83
5" "0x401652" "=> 0x401ac5:	mov    al,0x1
   0x401ac7:	shl    al,cl
29" "0x401652" "=> 0x401aca:	or     BYTE PTR [rbp+rdx*1+0x0],al
   0x401ace:	inc    ecx
30" "0x401652" "=> 0x401ad0:	cmp    eax,0x4
   0x401ad3:	jne    0x401ada
31" "0x40165f" "=> 0x401b79:	cmp    eax,0x4
   0x401b7c:	jne    0x401b83
7" "0x4016ac" "=> 0x401ac5:	mov    al,0x1
   0x401ac7:	shl    al,cl
31" "0x4016ac" "=> 0x401aca:	or     BYTE PTR [rbp+rdx*1+0x0],al
   0x401ace:	inc    ecx
32" "0x4016ac" "=> 0x401ad0:	cmp    eax,0x4
   0x401ad3:	jne    0x401ada
0" "0x4016bc" "=> 0x401ac5:	mov    al,0x1
   0x401ac7:	shl    al,cl
32" "0x4016bc" "=> 0x401aca:	or     BYTE PTR [rbp+rdx*1+0x0],al
   0x401ace:	inc    ecx
33" "0x4016bc" "=> 0x401ad0:	cmp    eax,0x4
   0x401ad3:	jne    0x401ada
1" "0x4016d2" "=> 0x401ac5:	mov    al,0x1
   0x401ac7:	shl    al,cl
33" "0x4016d2" "=> 0x401aca:	or     BYTE PTR [rbp+rdx*1+0x0],al
   0x401ace:	inc    ecx
34" "0x4016d2" "=> 0x401ad0:	cmp    eax,0x4
   0x401ad3:	jne    0x401ada
2" "0x4016e2" "=> 0x401ac5:	mov    al,0x1
   0x401ac7:	shl    al,cl
34" "0x4016e2" "=> 0x401aca:	or     BYTE PTR [rbp+rdx*1+0x0],al
   0x401ace:	inc    ecx
35" "0x4016e2" "=> 0x401ad0:	cmp    eax,0x4
   0x401ad3:	jne    0x401ada
3" "0x4016fd" "=> 0x401ac5:	mov    al,0x1
   0x401ac7:	shl    al,cl
35" "0x4016fd" "=> 0x401aca:	or     BYTE PTR [rbp+rdx*1+0x0],al
   0x401ace:	inc    ecx
36" "0x4016fd" "=> 0x401ad0:	cmp    eax,0x4
   0x401ad3:	jne    0x401ada
37" "0x401718" "=> 0x401b79:	cmp    eax,0x4
   0x401b7c:	jne    0x401b83
5" "0x401749" "=> 0x401ac5:	mov    al,0x1
   0x401ac7:	shl    al,cl
37" "0x401749" "=> 0x401aca:	or     BYTE PTR [rbp+rdx*1+0x0],al
   0x401ace:	inc    ecx
38" "0x401749" "=> 0x401ad0:	cmp    eax,0x4
   0x401ad3:	jne    0x401ada
6" "0x40175f" "=> 0x401ac5:	mov    al,0x1
   0x401ac7:	shl    al,cl
38" "0x40175f" "=> 0x401aca:	or     BYTE PTR [rbp+rdx*1+0x0],al
   0x401ace:	inc    ecx
39" "0x40175f" "=> 0x401ad0:	cmp    eax,0x4
   0x401ad3:	jne    0x401ada
7" "0x40176f" "=> 0x401ac5:	mov    al,0x1
   0x401ac7:	shl    al,cl
39" "0x40176f" "=> 0x401aca:	or     BYTE PTR [rbp+rdx*1+0x0],al
   0x401ace:	inc    ecx
40" "0x40176f" "=> 0x401ad0:	cmp    eax,0x4
   0x401ad3:	jne    0x401ada
0" "0x40178a" "=> 0x401ac5:	mov    al,0x1
   0x401ac7:	shl    al,cl
40" "0x40178a" "=> 0x401aca:	or     BYTE PTR [rbp+rdx*1+0x0],al
   0x401ace:	inc    ecx
41" "0x40178a" "=> 0x401ad0:	cmp    eax,0x4
   0x401ad3:	jne    0x401ada
1" "0x4017a5" "=> 0x401585:	mov    al,0x1
   0x401587:	shl    al,cl
41" "0x4017a5" "=> 0x40158a:	or     BYTE PTR [rbp+rdx*1+0x0],al
   0x40158e:	inc    ecx
42" "0x4017a5" "=> 0x401590:	add    rsi,0x2
   0x401594:	jmp    0x4011fe
2" "0x4017f1" "=> 0x401ac5:	mov    al,0x1
   0x401ac7:	shl    al,cl
42" "0x4017f1" "=> 0x401aca:	or     BYTE PTR [rbp+rdx*1+0x0],al
   0x401ace:	inc    ecx
43" "0x4017f1" "=> 0x401ad0:	cmp    eax,0x4
   0x401ad3:	jne    0x401ada
3" "0x401818" "=> 0x401ac5:	mov    al,0x1
   0x401ac7:	shl    al,cl
43" "0x401818" "=> 0x401aca:	or     BYTE PTR [rbp+rdx*1+0x0],al
   0x401ace:	inc    ecx
44" "0x401818" "=> 0x401ad0:	cmp    eax,0x4
   0x401ad3:	jne    0x401ada
4" "0x401825" "=> 0x401ac5:	mov    al,0x1
   0x401ac7:	shl    al,cl
44" "0x401825" "=> 0x401aca:	or     BYTE PTR [rbp+rdx*1+0x0],al
   0x401ace:	inc    ecx
45" "0x401825" "=> 0x401ad0:	cmp    eax,0x4
   0x401ad3:	jne    0x401ada
5" "0x401832" "=> 0x401ac5:	mov    al,0x1
   0x401ac7:	shl    al,cl
45" "0x401832" "=> 0x401aca:	or     BYTE PTR [rbp+rdx*1+0x0],al
   0x401ace:	inc    ecx
46" "0x401832" "=> 0x401ad0:	cmp    eax,0x4
   0x401ad3:	jne    0x401ada
47" "0x40184d" "=> 0x401b79:	cmp    eax,0x4
   0x401b7c:	jne    0x401b83
7" "0x4018be" "=> 0x401ac5:	mov    al,0x1
   0x401ac7:	shl    al,cl
47" "0x4018be" "=> 0x401aca:	or     BYTE PTR [rbp+rdx*1+0x0],al
   0x401ace:	inc    ecx
48" "0x4018be" "=> 0x401ad0:	cmp    eax,0x4
   0x401ad3:	jne    0x401ada
0" "0x4018d9" "=> 0x401585:	mov    al,0x1
   0x401587:	shl    al,cl
48" "0x4018d9" "=> 0x40158a:	or     BYTE PTR [rbp+rdx*1+0x0],al
   0x40158e:	inc    ecx
49" "0x4018d9" "=> 0x401590:	add    rsi,0x2
   0x401594:	jmp    0x4011fe
1" "0x401919" "=> 0x401ac5:	mov    al,0x1
   0x401ac7:	shl    al,cl
49" "0x401919" "=> 0x401aca:	or     BYTE PTR [rbp+rdx*1+0x0],al
   0x401ace:	inc    ecx
50" "0x401919" "=> 0x401ad0:	cmp    eax,0x4
   0x401ad3:	jne    0x401ada
2" "0x401929" "=> 0x401ac5:	mov    al,0x1
   0x401ac7:	shl    al,cl
50" "0x401929" "=> 0x401aca:	or     BYTE PTR [rbp+rdx*1+0x0],al
   0x401ace:	inc    ecx
51" "0x401929" "=> 0x401ad0:	cmp    eax,0x4
   0x401ad3:	jne    0x401ada
3" "0x401976" "=> 0x401cf4:	mov    al,0x1
   0x401cf6:	shl    al,cl
51" "0x401976" "=> 0x401cf9:	or     BYTE PTR [rbp+rdx*1+0x0],al
   0x401cfd:	add    ecx,0x1
52" "0x401976" "=> 0x401d03:	add    rsi,0x5
   0x401d07:	jmp    0x4011fe
53" "0x401988" "=> 0x401b79:	cmp    eax,0x4
   0x401b7c:	jne    0x401b83
5" "0x4019cc" "=> 0x401ac5:	mov    al,0x1
   0x401ac7:	shl    al,cl
53" "0x4019cc" "=> 0x401aca:	or     BYTE PTR [rbp+rdx*1+0x0],al
   0x401ace:	inc    ecx
54" "0x4019cc" "=> 0x401ad0:	cmp    eax,0x4
   0x401ad3:	jne    0x401ada
6" "0x4019ea" "=> 0x401ac5:	mov    al,0x1
   0x401ac7:	shl    al,cl
54" "0x4019ea" "=> 0x401aca:	or     BYTE PTR [rbp+rdx*1+0x0],al
   0x401ace:	inc    ecx
55" "0x4019ea" "=> 0x401ad0:	cmp    eax,0x4
   0x401ad3:	jne    0x401ada
7" "0x401a13" "=> 0x401585:	mov    al,0x1
   0x401587:	shl    al,cl
55" "0x401a13" "=> 0x40158a:	or     BYTE PTR [rbp+rdx*1+0x0],al
   0x40158e:	inc    ecx
56" "0x401a13" "=> 0x401590:	add    rsi,0x2
   0x401594:	jmp    0x4011fe
0" "0x401a37" "=> 0x401ac5:	mov    al,0x1
   0x401ac7:	shl    al,cl
56" "0x401a37" "=> 0x401aca:	or     BYTE PTR [rbp+rdx*1+0x0],al
   0x401ace:	inc    ecx
57" "0x401a37" "=> 0x401ad0:	cmp    eax,0x4
   0x401ad3:	jne    0x401ada
58" "0x401a43" "=> 0x401b79:	cmp    eax,0x4
   0x401b7c:	jne    0x401b83
2" "0x401a79" "=> 0x401585:	mov    al,0x1
   0x401587:	shl    al,cl
58" "0x401a79" "=> 0x40158a:	or     BYTE PTR [rbp+rdx*1+0x0],al
   0x40158e:	inc    ecx
59" "0x401a79" "=> 0x401590:	add    rsi,0x2
   0x401594:	jmp    0x4011fe
60" "0x401ab9" "=> 0x401b79:	cmp    eax,0x4
   0x401b7c:	jne    0x401b83
61" "0x401aed" "=> 0x401b79:	cmp    eax,0x4
   0x401b7c:	jne    0x401b83
5" "0x401af5" "=> 0x401ac5:	mov    al,0x1
   0x401ac7:	shl    al,cl
61" "0x401af5" "=> 0x401aca:	or     BYTE PTR [rbp+rdx*1+0x0],al
   0x401ace:	inc    ecx
62" "0x401af5" "=> 0x401ad0:	cmp    eax,0x4
   0x401ad3:	jne    0x401ada
6" "0x401af8" "=> 0x401585:	mov    al,0x1
   0x401587:	shl    al,cl
62" "0x401af8" "=> 0x40158a:	or     BYTE PTR [rbp+rdx*1+0x0],al
   0x40158e:	inc    ecx
63" "0x401af8" "=> 0x401590:	add    rsi,0x2
   0x401594:	jmp    0x4011fe
7" "0x401b1b" "=> 0x4015e5:	mov    al,0x1
   0x4015e7:	shl    al,cl
63" "0x401b1b" "=> 0x4015ea:	or     BYTE PTR [rbp+rdx*1+0x0],al
   0x4015ee:	inc    ecx
64" "0x401b1b" "=> 0x4015f0:	cmp    eax,0x4
   0x4015f3:	jne    0x4015fa
0" "0x401b38" "=> 0x401ac5:	mov    al,0x1
   0x401ac7:	shl    al,cl
64" "0x401b38" "=> 0x401aca:	or     BYTE PTR [rbp+rdx*1+0x0],al
   0x401ace:	inc    ecx
65" "0x401b38" "=> 0x401ad0:	cmp    eax,0x4
   0x401ad3:	jne    0x401ada
1" "0x401b9f" "=> 0x401ac5:	mov    al,0x1
   0x401ac7:	shl    al,cl
65" "0x401b9f" "=> 0x401aca:	or     BYTE PTR [rbp+rdx*1+0x0],al
   0x401ace:	inc    ecx
66" "0x401b9f" "=> 0x401ad0:	cmp    eax,0x4
   0x401ad3:	jne    0x401ada
2" "0x401baf" "=> 0x401ac5:	mov    al,0x1
   0x401ac7:	shl    al,cl
66" "0x401baf" "=> 0x401aca:	or     BYTE PTR [rbp+rdx*1+0x0],al
   0x401ace:	inc    ecx
67" "0x401baf" "=> 0x401ad0:	cmp    eax,0x4
   0x401ad3:	jne    0x401ada
68" "0x401bf2" "=> 0x401b79:	cmp    eax,0x4
   0x401b7c:	jne    0x401b83
4" "0x401cbc" "=> 0x401585:	mov    al,0x1
   0x401587:	shl    al,cl
68" "0x401cbc" "=> 0x40158a:	or     BYTE PTR [rbp+rdx*1+0x0],al
   0x40158e:	inc    ecx
69" "0x401cbc" "=> 0x401590:	add    rsi,0x2
   0x401594:	jmp    0x4011fe
5" "0x401ce9" "=> 0x401585:	mov    al,0x1
   0x401587:	shl    al,cl
69" "0x401ce9" "=> 0x40158a:	or     BYTE PTR [rbp+rdx*1+0x0],al
   0x40158e:	inc    ecx
70" "0x401ce9" "=> 0x401590:	add    rsi,0x2
   0x401594:	jmp    0x4011fe
6" "0x401d5d" "=> 0x401585:	mov    al,0x1
   0x401587:	shl    al,cl
70" "0x401d5d" "=> 0x40158a:	or     BYTE PTR [rbp+rdx*1+0x0],al
   0x40158e:	inc    ecx
71" "0x401d5d" "=> 0x401590:	add    rsi,0x2
   0x401594:	jmp    0x4011fe
7" "0x401d8a" "=> 0x401585:	mov    al,0x1
   0x401587:	shl    al,cl
71" "0x401d8a" "=> 0x40158a:	or     BYTE PTR [rbp+rdx*1+0x0],al
   0x40158e:	inc    ecx
72" "0x401d8a" "=> 0x401590:	add    rsi,0x2
   0x401594:	jmp    0x4011fe
0" "0x401ddf" "=> 0x401585:	mov    al,0x1
   0x401587:	shl    al,cl
72" "0x401ddf" "=> 0x40158a:	or     BYTE PTR [rbp+rdx*1+0x0],al
   0x40158e:	inc    ecx
73" "0x401ddf" "=> 0x401590:	add    rsi,0x2
   0x401594:	jmp    0x4011fe
74" "0x401dfe" "=> 0x401b79:	cmp    eax,0x4
   0x401b7c:	jne    0x401b83
2" "0x401e12" "=> 0x401585:	mov    al,0x1
   0x401587:	shl    al,cl
74" "0x401e12" "=> 0x40158a:	or     BYTE PTR [rbp+rdx*1+0x0],al
   0x40158e:	inc    ecx
75" "0x401e12" "=> 0x401590:	add    rsi,0x2
   0x401594:	jmp    0x4011fe
3" "0x401e15" "=> 0x401585:	mov    al,0x1
   0x401587:	shl    al,cl
75" "0x401e15" "=> 0x40158a:	or     BYTE PTR [rbp+rdx*1+0x0],al
   0x40158e:	inc    ecx
76" "0x401e15" "=> 0x401590:	add    rsi,0x2
   0x401594:	jmp    0x4011fe
4" "0x401e18" "=> 0x4014b7:	mov    al,0x1
   0x4014b9:	shl    al,cl
76" "0x401e18" "=> 0x4014bc:	or     BYTE PTR [rbp+rdx*1+0x0],al
   0x4014c0:	inc    ecx
77" "0x401e18" "=> 0x4014c2:	add    rsi,0x3
   0x4014c6:	jmp    0x4011fe
78" "0x401e30" "=> 0x401b79:	cmp    eax,0x4
   0x401b7c:	jne    0x401b83
79" "0x401e62" "=> 0x401b79:	cmp    eax,0x4
   0x401b7c:	jne    0x401b83
80" "0x401e90" "=> 0x4014e8:	add    rsi,0x3
   0x4014ec:	jmp    0x4011fe
0" "0x401ea8" "=> 0x401585:	mov    al,0x1
   0x401587:	shl    al,cl
80" "0x401ea8" "=> 0x40158a:	or     BYTE PTR [rbp+rdx*1+0x0],al
   0x40158e:	inc    ecx
81" "0x401ea8" "=> 0x401590:	add    rsi,0x2
   0x401594:	jmp    0x4011fe
82" "0x401ec9" "=> 0x401b79:	cmp    eax,0x4
   0x401b7c:	jne    0x401b83
83" "0x401f04" "=> 0x401b79:	cmp    eax,0x4
   0x401b7c:	jne    0x401b83
84" "0x401f08" "=> 0x401b79:	cmp    eax,0x4
   0x401b7c:	jne    0x401b83
85" "0x401f10" "=> 0x401329:	add    rsi,0x3
   0x40132d:	jmp    0x4011fe
5" "0x401f15" "=> 0x4014b7:	mov    al,0x1
   0x4014b9:	shl    al,cl
85" "0x401f15" "=> 0x4014bc:	or     BYTE PTR [rbp+rdx*1+0x0],al
   0x4014c0:	inc    ecx
86" "0x401f15" "=> 0x4014c2:	add    rsi,0x3
   0x4014c6:	jmp    0x4011fe
6" "0x401f1a" "=> 0x401a84:	mov    al,0x1
   0x401a86:	shl    al,cl
86" "0x401f1a" "=> 0x401a89:	or     BYTE PTR [rbp+rdx*1+0x0],al
   0x401a8d:	inc    ecx
87" "0x401f1a" "=> 0x401a8f:	cmp    eax,0x4
   0x401a92:	jne    0x401a99
7" "0x401f26" "=> 0x401a84:	mov    al,0x1
   0x401a86:	shl    al,cl
87" "0x401f26" "=> 0x401a89:	or     BYTE PTR [rbp+rdx*1+0x0],al
   0x401a8d:	inc    ecx
88" "0x401f26" "=> 0x401a8f:	cmp    eax,0x4
   0x401a92:	jne    0x401a99
0" "0x401f42" "=> 0x4014b7:	mov    al,0x1
   0x4014b9:	shl    al,cl
88" "0x401f42" "=> 0x4014bc:	or     BYTE PTR [rbp+rdx*1+0x0],al
   0x4014c0:	inc    ecx
89" "0x401f42" "=> 0x4014c2:	add    rsi,0x3
   0x4014c6:	jmp    0x4011fe
1" "0x401f45" "=> 0x4014b7:	mov    al,0x1
   0x4014b9:	shl    al,cl
89" "0x401f45" "=> 0x4014bc:	or     BYTE PTR [rbp+rdx*1+0x0],al
   0x4014c0:	inc    ecx
90" "0x401f45" "=> 0x4014c2:	add    rsi,0x3
   0x4014c6:	jmp    0x4011fe
2" "0x401f4a" "=> 0x401a84:	mov    al,0x1
   0x401a86:	shl    al,cl
90" "0x401f4a" "=> 0x401a89:	or     BYTE PTR [rbp+rdx*1+0x0],al
   0x401a8d:	inc    ecx
91" "0x401f4a" "=> 0x401a8f:	cmp    eax,0x4
   0x401a92:	jne    0x401a99
3" "0x401f5b" "=> 0x401a84:	mov    al,0x1
   0x401a86:	shl    al,cl
91" "0x401f5b" "=> 0x401a89:	or     BYTE PTR [rbp+rdx*1+0x0],al
   0x401a8d:	inc    ecx
92" "0x401f5b" "=> 0x401a8f:	cmp    eax,0x4
   0x401a92:	jne    0x401a99
=> 0x401e0d:	pop    rdx
   0x401e0e:	pop    rsi
=> 0x401e33:	shr    ecx,0x4
   0x401e36:	and    ecx,0xf
=> 0x401e36:	and    ecx,0xf
   0x401e3c:	cmp    ecx,0x9
=> 0x401e4c:	jmp    0x401e57
   0x401e51:	add    ecx,0x30
=> 0x401e65:	and    ecx,0xf
   0x401e6b:	cmp    ecx,0x9
=> 0x401e6b:	cmp    ecx,0x9
   0x401e6e:	ja     0x401e75
=> 0x401e7b:	jmp    0x401e86
   0x401e80:	add    ecx,0x30
=> 0x401e33:	shr    ecx,0x4
   0x401e36:	and    ecx,0xf
=> 0x401e36:	and    ecx,0xf
   0x401e3c:	cmp    ecx,0x9
=> 0x401e4c:	jmp    0x401e57
   0x401e51:	add    ecx,0x30
=> 0x401e65:	and    ecx,0xf
   0x401e6b:	cmp    ecx,0x9
=> 0x401e6b:	cmp    ecx,0x9
   0x401e6e:	ja     0x401e75
=> 0x401e7b:	jmp    0x401e86
   0x401e80:	add    ecx,0x30
=> 0x401e33:	shr    ecx,0x4
   0x401e36:	and    ecx,0xf
=> 0x401e36:	and    ecx,0xf
   0x401e3c:	cmp    ecx,0x9
=> 0x401e57:	mov    BYTE PTR [r9+r11*1],cl
   0x401e5b:	add    r11d,0x1
=> 0x401e65:	and    ecx,0xf
   0x401e6b:	cmp    ecx,0x9
=> 0x401e6b:	cmp    ecx,0x9
   0x401e6e:	ja     0x401e75
=> 0x401e86:	mov    BYTE PTR [r9+r11*1],cl
   0x401e8a:	inc    r11
=> 0x401e33:	shr    ecx,0x4
   0x401e36:	and    ecx,0xf
=> 0x401e36:	and    ecx,0xf
   0x401e3c:	cmp    ecx,0x9
=> 0x401e4c:	jmp    0x401e57
   0x401e51:	add    ecx,0x30
=> 0x401e65:	and    ecx,0xf
   0x401e6b:	cmp    ecx,0x9
=> 0x401e6b:	cmp    ecx,0x9
   0x401e6e:	ja     0x401e75
=> 0x401e7b:	jmp    0x401e86
   0x401e80:	add    ecx,0x30
=> 0x401e33:	shr    ecx,0x4
   0x401e36:	and    ecx,0xf
=> 0x401e36:	and    ecx,0xf
   0x401e3c:	cmp    ecx,0x9
=> 0x401e4c:	jmp    0x401e57
   0x401e51:	add    ecx,0x30
=> 0x401e65:	and    ecx,0xf
   0x401e6b:	cmp    ecx,0x9
=> 0x401e6b:	cmp    ecx,0x9
   0x401e6e:	ja     0x401e75
=> 0x401e7b:	jmp    0x401e86
   0x401e80:	add    ecx,0x30
=> 0x401e33:	shr    ecx,0x4
   0x401e36:	and    ecx,0xf
=> 0x401e36:	and    ecx,0xf
   0x401e3c:	cmp    ecx,0x9
=> 0x401e4c:	jmp    0x401e57
   0x401e51:	add    ecx,0x30
=> 0x401e65:	and    ecx,0xf
   0x401e6b:	cmp    ecx,0x9
=> 0x401e6b:	cmp    ecx,0x9
   0x401e6e:	ja     0x401e75
=> 0x401e7b:	jmp    0x401e86
   0x401e80:	add    ecx,0x30
=> 0x401e33:	shr    ecx,0x4
   0x401e36:	and    ecx,0xf
=> 0x401e36:	and    ecx,0xf
   0x401e3c:	cmp    ecx,0x9
=> 0x401e4c:	jmp    0x401e57
   0x401e51:	add    ecx,0x30
=> 0x401e65:	and    ecx,0xf
   0x401e6b:	cmp    ecx,0x9
=> 0x401e6b:	cmp    ecx,0x9
   0x401e6e:	ja     0x401e75
=> 0x401e7b:	jmp    0x401e86
   0x401e80:	add    ecx,0x30
=> 0x401e33:	shr    ecx,0x4
   0x401e36:	and    ecx,0xf
=> 0x401e36:	and    ecx,0xf
   0x401e3c:	cmp    ecx,0x9
=> 0x401e4c:	jmp    0x401e57
   0x401e51:	add    ecx,0x30
=> 0x401e65:	and    ecx,0xf
   0x401e6b:	cmp    ecx,0x9
=> 0x401e6b:	cmp    ecx,0x9
   0x401e6e:	ja     0x401e75
=> 0x401e86:	mov    BYTE PTR [r9+r11*1],cl
   0x401e8a:	inc    r11
=> 0x401e33:	shr    ecx,0x4
   0x401e36:	and    ecx,0xf
=> 0x401e36:	and    ecx,0xf
   0x401e3c:	cmp    ecx,0x9
=> 0x401e4c:	jmp    0x401e57
   0x401e51:	add    ecx,0x30
=> 0x401e65:	and    ecx,0xf
   0x401e6b:	cmp    ecx,0x9
=> 0x401e6b:	cmp    ecx,0x9
   0x401e6e:	ja     0x401e75
=> 0x401e86:	mov    BYTE PTR [r9+r11*1],cl
   0x401e8a:	inc    r11
=> 0x401e33:	shr    ecx,0x4
   0x401e36:	and    ecx,0xf
=> 0x401e36:	and    ecx,0xf
   0x401e3c:	cmp    ecx,0x9
=> 0x401e57:	mov    BYTE PTR [r9+r11*1],cl
   0x401e5b:	add    r11d,0x1
=> 0x401e65:	and    ecx,0xf
   0x401e6b:	cmp    ecx,0x9
=> 0x401e6b:	cmp    ecx,0x9
   0x401e6e:	ja     0x401e75
=> 0x401e7b:	jmp    0x401e86
   0x401e80:	add    ecx,0x30
=> 0x401e33:	shr    ecx,0x4
   0x401e36:	and    ecx,0xf
=> 0x401e36:	and    ecx,0xf
   0x401e3c:	cmp    ecx,0x9
=> 0x401e4c:	jmp    0x401e57
   0x401e51:	add    ecx,0x30
=> 0x401e65:	and    ecx,0xf
   0x401e6b:	cmp    ecx,0x9
=> 0x401e6b:	cmp    ecx,0x9
   0x401e6e:	ja     0x401e75
=> 0x401e86:	mov    BYTE PTR [r9+r11*1],cl
   0x401e8a:	inc    r11
=> 0x401e33:	shr    ecx,0x4
   0x401e36:	and    ecx,0xf
=> 0x401e36:	and    ecx,0xf
   0x401e3c:	cmp    ecx,0x9
=> 0x401e57:	mov    BYTE PTR [r9+r11*1],cl
   0x401e5b:	add    r11d,0x1
=> 0x401e65:	and    ecx,0xf
   0x401e6b:	cmp    ecx,0x9
=> 0x401e7b:	jmp    0x401e86
   0x401e80:	add    ecx,0x30
=> 0x401e33:	shr    ecx,0x4
   0x401e36:	and    ecx,0xf
=> 0x401e57:	mov    BYTE PTR [r9+r11*1],cl
   0x401e5b:	add    r11d,0x1
=> 0x401e65:	and    ecx,0xf
   0x401e6b:	cmp    ecx,0x9
=> 0x401e86:	mov    BYTE PTR [r9+r11*1],cl
   0x401e8a:	inc    r11
=> 0x401e33:	shr    ecx,0x4
   0x401e36:	and    ecx,0xf
=> 0x401e57:	mov    BYTE PTR [r9+r11*1],cl
   0x401e5b:	add    r11d,0x1
=> 0x401e65:	and    ecx,0xf
   0x401e6b:	cmp    ecx,0x9
=> 0x401e86:	mov    BYTE PTR [r9+r11*1],cl
   0x401e8a:	inc    r11
=> 0x401e33:	shr    ecx,0x4
   0x401e36:	and    ecx,0xf
=> 0x401e57:	mov    BYTE PTR [r9+r11*1],cl
   0x401e5b:	add    r11d,0x1
=> 0x401e65:	and    ecx,0xf
   0x401e6b:	cmp    ecx,0x9
=> 0x401e86:	mov    BYTE PTR [r9+r11*1],cl
   0x401e8a:	inc    r11
=> 0x401e33:	shr    ecx,0x4
   0x401e36:	and    ecx,0xf
=> 0x401e57:	mov    BYTE PTR [r9+r11*1],cl
   0x401e5b:	add    r11d,0x1
=> 0x401e65:	and    ecx,0xf
   0x401e6b:	cmp    ecx,0x9
=> 0x401e86:	mov    BYTE PTR [r9+r11*1],cl
   0x401e8a:	inc    r11
=> 0x401eb6:	movabs rax,0x1
   0x401ec0:	lea    rdi,ds:0x1
=> 0x401ed6:	add    rsp,0x20
   0x401edd:	mov    rdi,0x401000
=> 0x401efc:	sub    rsp,0x100
   0x401f03:	lea    rsi,[rbp+0x0]
=> 0x401f0d:	mov    BYTE PTR [rsp+rcx*1],cl
   0x401f10:	add    cl,0x1
=> 0x401f13:	jne    0x401f0d
   0x401f15:	and    ecx,0x0
=> 0x401f13:	jne    0x401f0d
   0x401f15:	and    ecx,0x0
=> 0x401f13:	jne    0x401f0d
   0x401f15:	and    ecx,0x0
=> 0x401f13:	jne    0x401f0d
   0x401f15:	and    ecx,0x0
=> 0x401f13:	jne    0x401f0d
   0x401f15:	and    ecx,0x0
=> 0x401f13:	jne    0x401f0d
   0x401f15:	and    ecx,0x0
=> 0x401f13:	jne    0x401f0d
   0x401f15:	and    ecx,0x0
=> 0x401f13:	jne    0x401f0d
   0x401f15:	and    ecx,0x0
=> 0x401f13:	jne    0x401f0d
   0x401f15:	and    ecx,0x0
=> 0x401f13:	jne    0x401f0d
   0x401f15:	and    ecx,0x0
=> 0x401f13:	jne    0x401f0d
   0x401f15:	and    ecx,0x0
=> 0x401f13:	jne    0x401f0d
   0x401f15:	and    ecx,0x0
=> 0x401f13:	jne    0x401f0d
   0x401f15:	and    ecx,0x0
=> 0x401f13:	jne    0x401f0d
   0x401f15:	and    ecx,0x0
=> 0x401f13:	jne    0x401f0d
   0x401f15:	and    ecx,0x0
=> 0x401f13:	jne    0x401f0d
   0x401f15:	and    ecx,0x0
=> 0x401f13:	jne    0x401f0d
   0x401f15:	and    ecx,0x0
=> 0x401f13:	jne    0x401f0d
   0x401f15:	and    ecx,0x0
=> 0x401f13:	jne    0x401f0d
   0x401f15:	and    ecx,0x0
=> 0x401f13:	jne    0x401f0d
   0x401f15:	and    ecx,0x0
=> 0x401f13:	jne    0x401f0d
   0x401f15:	and    ecx,0x0
=> 0x401f13:	jne    0x401f0d
   0x401f15:	and    ecx,0x0
=> 0x401f13:	jne    0x401f0d
   0x401f15:	and    ecx,0x0
=> 0x401f13:	jne    0x401f0d
   0x401f15:	and    ecx,0x0
=> 0x401f13:	jne    0x401f0d
   0x401f15:	and    ecx,0x0
=> 0x401f13:	jne    0x401f0d
   0x401f15:	and    ecx,0x0
=> 0x401f13:	jne    0x401f0d
   0x401f15:	and    ecx,0x0
=> 0x401f13:	jne    0x401f0d
   0x401f15:	and    ecx,0x0
=> 0x401f13:	jne    0x401f0d
   0x401f15:	and    ecx,0x0
=> 0x401f13:	jne    0x401f0d
   0x401f15:	and    ecx,0x0
=> 0x401f13:	jne    0x401f0d
   0x401f15:	and    ecx,0x0
=> 0x401f13:	jne    0x401f0d
   0x401f15:	and    ecx,0x0
=> 0x401f13:	jne    0x401f0d
   0x401f15:	and    ecx,0x0
=> 0x401f13:	jne    0x401f0d
   0x401f15:	and    ecx,0x0
=> 0x401f13:	jne    0x401f0d
   0x401f15:	and    ecx,0x0
=> 0x401f13:	jne    0x401f0d
   0x401f15:	and    ecx,0x0
=> 0x401f13:	jne    0x401f0d
   0x401f15:	and    ecx,0x0
=> 0x401f13:	jne    0x401f0d
   0x401f15:	and    ecx,0x0
=> 0x401f13:	jne    0x401f0d
   0x401f15:	and    ecx,0x0
=> 0x401f13:	jne    0x401f0d
   0x401f15:	and    ecx,0x0
=> 0x401f13:	jne    0x401f0d
   0x401f15:	and    ecx,0x0
=> 0x401f13:	jne    0x401f0d
   0x401f15:	and    ecx,0x0
=> 0x401f13:	jne    0x401f0d
   0x401f15:	and    ecx,0x0
=> 0x401f13:	jne    0x401f0d
   0x401f15:	and    ecx,0x0
=> 0x401f13:	jne    0x401f0d
   0x401f15:	and    ecx,0x0
=> 0x401f13:	jne    0x401f0d
   0x401f15:	and    ecx,0x0
=> 0x401f13:	jne    0x401f0d
   0x401f15:	and    ecx,0x0
=> 0x401f13:	jne    0x401f0d
   0x401f15:	and    ecx,0x0
=> 0x401f13:	jne    0x401f0d
   0x401f15:	and    ecx,0x0
=> 0x401f13:	jne    0x401f0d
   0x401f15:	and    ecx,0x0
=> 0x401f13:	jne    0x401f0d
   0x401f15:	and    ecx,0x0
=> 0x401f13:	jne    0x401f0d
   0x401f15:	and    ecx,0x0
=> 0x401f13:	jne    0x401f0d
   0x401f15:	and    ecx,0x0
=> 0x401f13:	jne    0x401f0d
   0x401f15:	and    ecx,0x0
=> 0x401f13:	jne    0x401f0d
   0x401f15:	and    ecx,0x0
=> 0x401f13:	jne    0x401f0d
   0x401f15:	and    ecx,0x0
=> 0x401f13:	jne    0x401f0d
   0x401f15:	and    ecx,0x0
=> 0x401f13:	jne    0x401f0d
   0x401f15:	and    ecx,0x0
=> 0x401f13:	jne    0x401f0d
   0x401f15:	and    ecx,0x0
=> 0x401f13:	jne    0x401f0d
   0x401f15:	and    ecx,0x0
=> 0x401f13:	jne    0x401f0d
   0x401f15:	and    ecx,0x0
=> 0x401f13:	jne    0x401f0d
   0x401f15:	and    ecx,0x0
=> 0x401f13:	jne    0x401f0d
   0x401f15:	and    ecx,0x0
=> 0x401f13:	jne    0x401f0d
   0x401f15:	and    ecx,0x0
=> 0x401f13:	jne    0x401f0d
   0x401f15:	and    ecx,0x0
=> 0x401f13:	jne    0x401f0d
   0x401f15:	and    ecx,0x0
=> 0x401f13:	jne    0x401f0d
   0x401f15:	and    ecx,0x0
=> 0x401f13:	jne    0x401f0d
   0x401f15:	and    ecx,0x0
=> 0x401f13:	jne    0x401f0d
   0x401f15:	and    ecx,0x0
=> 0x401f13:	jne    0x401f0d
   0x401f15:	and    ecx,0x0
=> 0x401f13:	jne    0x401f0d
   0x401f15:	and    ecx,0x0
=> 0x401f13:	jne    0x401f0d
   0x401f15:	and    ecx,0x0
=> 0x401f13:	jne    0x401f0d
   0x401f15:	and    ecx,0x0
=> 0x401f13:	jne    0x401f0d
   0x401f15:	and    ecx,0x0
=> 0x401f13:	jne    0x401f0d
   0x401f15:	and    ecx,0x0
=> 0x401f13:	jne    0x401f0d
   0x401f15:	and    ecx,0x0
=> 0x401f13:	jne    0x401f0d
   0x401f15:	and    ecx,0x0
=> 0x401f13:	jne    0x401f0d
   0x401f15:	and    ecx,0x0
=> 0x401f13:	jne    0x401f0d
   0x401f15:	and    ecx,0x0
=> 0x401f13:	jne    0x401f0d
   0x401f15:	and    ecx,0x0
=> 0x401f13:	jne    0x401f0d
   0x401f15:	and    ecx,0x0
=> 0x401f13:	jne    0x401f0d
   0x401f15:	and    ecx,0x0
=> 0x401f13:	jne    0x401f0d
   0x401f15:	and    ecx,0x0
=> 0x401f13:	jne    0x401f0d
   0x401f15:	and    ecx,0x0
=> 0x401f13:	jne    0x401f0d
   0x401f15:	and    ecx,0x0
=> 0x401f13:	jne    0x401f0d
   0x401f15:	and    ecx,0x0
=> 0x401f13:	jne    0x401f0d
   0x401f15:	and    ecx,0x0
=> 0x401f13:	jne    0x401f0d
   0x401f15:	and    ecx,0x0
=> 0x401f13:	jne    0x401f0d
   0x401f15:	and    ecx,0x0
=> 0x401f13:	jne    0x401f0d
   0x401f15:	and    ecx,0x0
=> 0x401f13:	jne    0x401f0d
   0x401f15:	and    ecx,0x0
=> 0x401f13:	jne    0x401f0d
   0x401f15:	and    ecx,0x0
=> 0x401f13:	jne    0x401f0d
   0x401f15:	and    ecx,0x0
=> 0x401f13:	jne    0x401f0d
   0x401f15:	and    ecx,0x0
=> 0x401f13:	jne    0x401f0d
   0x401f15:	and    ecx,0x0
=> 0x401f13:	jne    0x401f0d
   0x401f15:	and    ecx,0x0
=> 0x401f13:	jne    0x401f0d
   0x401f15:	and    ecx,0x0
=> 0x401f13:	jne    0x401f0d
   0x401f15:	and    ecx,0x0
=> 0x401f13:	jne    0x401f0d
   0x401f15:	and    ecx,0x0
=> 0x401f13:	jne    0x401f0d
   0x401f15:	and    ecx,0x0
=> 0x401f13:	jne    0x401f0d
   0x401f15:	and    ecx,0x0
=> 0x401f13:	jne    0x401f0d
   0x401f15:	and    ecx,0x0
=> 0x401f13:	jne    0x401f0d
   0x401f15:	and    ecx,0x0
=> 0x401f13:	jne    0x401f0d
   0x401f15:	and    ecx,0x0
=> 0x401f13:	jne    0x401f0d
   0x401f15:	and    ecx,0x0
=> 0x401f13:	jne    0x401f0d
   0x401f15:	and    ecx,0x0
=> 0x401f13:	jne    0x401f0d
   0x401f15:	and    ecx,0x0
=> 0x401f13:	jne    0x401f0d
   0x401f15:	and    ecx,0x0
=> 0x401f13:	jne    0x401f0d
   0x401f15:	and    ecx,0x0
=> 0x401f13:	jne    0x401f0d
   0x401f15:	and    ecx,0x0
=> 0x401f13:	jne    0x401f0d
   0x401f15:	and    ecx,0x0
=> 0x401f13:	jne    0x401f0d
   0x401f15:	and    ecx,0x0
=> 0x401f13:	jne    0x401f0d
   0x401f15:	and    ecx,0x0
=> 0x401f13:	jne    0x401f0d
   0x401f15:	and    ecx,0x0
=> 0x401f13:	jne    0x401f0d
   0x401f15:	and    ecx,0x0
=> 0x401f13:	jne    0x401f0d
   0x401f15:	and    ecx,0x0
=> 0x401f13:	jne    0x401f0d
   0x401f15:	and    ecx,0x0
=> 0x401f13:	jne    0x401f0d
   0x401f15:	and    ecx,0x0
=> 0x401f13:	jne    0x401f0d
   0x401f15:	and    ecx,0x0
=> 0x401f13:	jne    0x401f0d
   0x401f15:	and    ecx,0x0
=> 0x401f13:	jne    0x401f0d
   0x401f15:	and    ecx,0x0
=> 0x401f13:	jne    0x401f0d
   0x401f15:	and    ecx,0x0
=> 0x401f13:	jne    0x401f0d
   0x401f15:	and    ecx,0x0
=> 0x401f13:	jne    0x401f0d
   0x401f15:	and    ecx,0x0
=> 0x401f13:	jne    0x401f0d
   0x401f15:	and    ecx,0x0
=> 0x401f13:	jne    0x401f0d
   0x401f15:	and    ecx,0x0
=> 0x401f13:	jne    0x401f0d
   0x401f15:	and    ecx,0x0
=> 0x401f13:	jne    0x401f0d
   0x401f15:	and    ecx,0x0
=> 0x401f13:	jne    0x401f0d
   0x401f15:	and    ecx,0x0
=> 0x401f13:	jne    0x401f0d
   0x401f15:	and    ecx,0x0
=> 0x401f13:	jne    0x401f0d
   0x401f15:	and    ecx,0x0
=> 0x401f13:	jne    0x401f0d
   0x401f15:	and    ecx,0x0
=> 0x401f13:	jne    0x401f0d
   0x401f15:	and    ecx,0x0
=> 0x401f13:	jne    0x401f0d
   0x401f15:	and    ecx,0x0
=> 0x401f13:	jne    0x401f0d
   0x401f15:	and    ecx,0x0
=> 0x401f13:	jne    0x401f0d
   0x401f15:	and    ecx,0x0
=> 0x401f13:	jne    0x401f0d
   0x401f15:	and    ecx,0x0
=> 0x401f13:	jne    0x401f0d
   0x401f15:	and    ecx,0x0
=> 0x401f13:	jne    0x401f0d
   0x401f15:	and    ecx,0x0
=> 0x401f13:	jne    0x401f0d
   0x401f15:	and    ecx,0x0
=> 0x401f13:	jne    0x401f0d
   0x401f15:	and    ecx,0x0
=> 0x401f13:	jne    0x401f0d
   0x401f15:	and    ecx,0x0
=> 0x401f13:	jne    0x401f0d
   0x401f15:	and    ecx,0x0
=> 0x401f13:	jne    0x401f0d
   0x401f15:	and    ecx,0x0
=> 0x401f13:	jne    0x401f0d
   0x401f15:	and    ecx,0x0
=> 0x401f13:	jne    0x401f0d
   0x401f15:	and    ecx,0x0
=> 0x401f13:	jne    0x401f0d
   0x401f15:	and    ecx,0x0
=> 0x401f13:	jne    0x401f0d
   0x401f15:	and    ecx,0x0
=> 0x401f13:	jne    0x401f0d
   0x401f15:	and    ecx,0x0
=> 0x401f13:	jne    0x401f0d
   0x401f15:	and    ecx,0x0
=> 0x401f13:	jne    0x401f0d
   0x401f15:	and    ecx,0x0
=> 0x401f13:	jne    0x401f0d
   0x401f15:	and    ecx,0x0
=> 0x401f13:	jne    0x401f0d
   0x401f15:	and    ecx,0x0
=> 0x401f13:	jne    0x401f0d
   0x401f15:	and    ecx,0x0
=> 0x401f13:	jne    0x401f0d
   0x401f15:	and    ecx,0x0
=> 0x401f13:	jne    0x401f0d
   0x401f15:	and    ecx,0x0
=> 0x401f13:	jne    0x401f0d
   0x401f15:	and    ecx,0x0
=> 0x401f13:	jne    0x401f0d
   0x401f15:	and    ecx,0x0
=> 0x401f13:	jne    0x401f0d
   0x401f15:	and    ecx,0x0
=> 0x401f13:	jne    0x401f0d
   0x401f15:	and    ecx,0x0
=> 0x401f13:	jne    0x401f0d
   0x401f15:	and    ecx,0x0
=> 0x401f13:	jne    0x401f0d
   0x401f15:	and    ecx,0x0
=> 0x401f13:	jne    0x401f0d
   0x401f15:	and    ecx,0x0
=> 0x401f13:	jne    0x401f0d
   0x401f15:	and    ecx,0x0
=> 0x401f13:	jne    0x401f0d
   0x401f15:	and    ecx,0x0
=> 0x401f13:	jne    0x401f0d
   0x401f15:	and    ecx,0x0
=> 0x401f13:	jne    0x401f0d
   0x401f15:	and    ecx,0x0
=> 0x401f13:	jne    0x401f0d
   0x401f15:	and    ecx,0x0
=> 0x401f13:	jne    0x401f0d
   0x401f15:	and    ecx,0x0
=> 0x401f13:	jne    0x401f0d
   0x401f15:	and    ecx,0x0
=> 0x401f13:	jne    0x401f0d
   0x401f15:	and    ecx,0x0
=> 0x401f13:	jne    0x401f0d
   0x401f15:	and    ecx,0x0
=> 0x401f13:	jne    0x401f0d
   0x401f15:	and    ecx,0x0
=> 0x401f13:	jne    0x401f0d
   0x401f15:	and    ecx,0x0
=> 0x401f13:	jne    0x401f0d
   0x401f15:	and    ecx,0x0
=> 0x401f13:	jne    0x401f0d
   0x401f15:	and    ecx,0x0
=> 0x401f13:	jne    0x401f0d
   0x401f15:	and    ecx,0x0
=> 0x401f13:	jne    0x401f0d
   0x401f15:	and    ecx,0x0
=> 0x401f13:	jne    0x401f0d
   0x401f15:	and    ecx,0x0
=> 0x401f13:	jne    0x401f0d
   0x401f15:	and    ecx,0x0
=> 0x401f13:	jne    0x401f0d
   0x401f15:	and    ecx,0x0
=> 0x401f13:	jne    0x401f0d
   0x401f15:	and    ecx,0x0
=> 0x401f13:	jne    0x401f0d
   0x401f15:	and    ecx,0x0
=> 0x401f13:	jne    0x401f0d
   0x401f15:	and    ecx,0x0
=> 0x401f13:	jne    0x401f0d
   0x401f15:	and    ecx,0x0
=> 0x401f13:	jne    0x401f0d
   0x401f15:	and    ecx,0x0
=> 0x401f13:	jne    0x401f0d
   0x401f15:	and    ecx,0x0
=> 0x401f13:	jne    0x401f0d
   0x401f15:	and    ecx,0x0
=> 0x401f13:	jne    0x401f0d
   0x401f15:	and    ecx,0x0
=> 0x401f13:	jne    0x401f0d
   0x401f15:	and    ecx,0x0
=> 0x401f13:	jne    0x401f0d
   0x401f15:	and    ecx,0x0
=> 0x401f13:	jne    0x401f0d
   0x401f15:	and    ecx,0x0
=> 0x401f13:	jne    0x401f0d
   0x401f15:	and    ecx,0x0
=> 0x401f13:	jne    0x401f0d
   0x401f15:	and    ecx,0x0
=> 0x401f13:	jne    0x401f0d
   0x401f15:	and    ecx,0x0
=> 0x401f13:	jne    0x401f0d
   0x401f15:	and    ecx,0x0
=> 0x401f13:	jne    0x401f0d
   0x401f15:	and    ecx,0x0
=> 0x401f13:	jne    0x401f0d
   0x401f15:	and    ecx,0x0
=> 0x401f13:	jne    0x401f0d
   0x401f15:	and    ecx,0x0
=> 0x401f13:	jne    0x401f0d
   0x401f15:	and    ecx,0x0
=> 0x401f13:	jne    0x401f0d
   0x401f15:	and    ecx,0x0
=> 0x401f13:	jne    0x401f0d
   0x401f15:	and    ecx,0x0
=> 0x401f13:	jne    0x401f0d
   0x401f15:	and    ecx,0x0
=> 0x401f13:	jne    0x401f0d
   0x401f15:	and    ecx,0x0
=> 0x401f13:	jne    0x401f0d
   0x401f15:	and    ecx,0x0
=> 0x401f13:	jne    0x401f0d
   0x401f15:	and    ecx,0x0
=> 0x401f13:	jne    0x401f0d
   0x401f15:	and    ecx,0x0
=> 0x401f13:	jne    0x401f0d
   0x401f15:	and    ecx,0x0
=> 0x401f13:	jne    0x401f0d
   0x401f15:	and    ecx,0x0
=> 0x401f13:	jne    0x401f0d
   0x401f15:	and    ecx,0x0
=> 0x401f13:	jne    0x401f0d
   0x401f15:	and    ecx,0x0
=> 0x401f13:	jne    0x401f0d
   0x401f15:	and    ecx,0x0
=> 0x401f13:	jne    0x401f0d
   0x401f15:	and    ecx,0x0
=> 0x401f13:	jne    0x401f0d
   0x401f15:	and    ecx,0x0
=> 0x401f13:	jne    0x401f0d
   0x401f15:	and    ecx,0x0
=> 0x401f13:	jne    0x401f0d
   0x401f15:	and    ecx,0x0
=> 0x401f13:	jne    0x401f0d
   0x401f15:	and    ecx,0x0
=> 0x401f13:	jne    0x401f0d
   0x401f15:	and    ecx,0x0
=> 0x401f13:	jne    0x401f0d
   0x401f15:	and    ecx,0x0
=> 0x401f13:	jne    0x401f0d
   0x401f15:	and    ecx,0x0
=> 0x401f13:	jne    0x401f0d
   0x401f15:	and    ecx,0x0
=> 0x401f13:	jne    0x401f0d
   0x401f15:	and    ecx,0x0
=> 0x401f13:	jne    0x401f0d
   0x401f15:	and    ecx,0x0
=> 0x401f13:	jne    0x401f0d
   0x401f15:	and    ecx,0x0
=> 0x401f13:	jne    0x401f0d
   0x401f15:	and    ecx,0x0
=> 0x401f13:	jne    0x401f0d
   0x401f15:	and    ecx,0x0
=> 0x401f13:	jne    0x401f0d
   0x401f15:	and    ecx,0x0
=> 0x401f13:	jne    0x401f0d
   0x401f15:	and    ecx,0x0
=> 0x401f13:	jne    0x401f0d
   0x401f15:	and    ecx,0x0
=> 0x401f13:	jne    0x401f0d
   0x401f15:	and    ecx,0x0
=> 0x401f13:	jne    0x401f0d
   0x401f15:	and    ecx,0x0
=> 0x401f13:	jne    0x401f0d
   0x401f15:	and    ecx,0x0
=> 0x401f13:	jne    0x401f0d
   0x401f15:	and    ecx,0x0
=> 0x401f13:	jne    0x401f0d
   0x401f15:	and    ecx,0x0
=> 0x401f13:	jne    0x401f0d
   0x401f15:	and    ecx,0x0
=> 0x401f13:	jne    0x401f0d
   0x401f15:	and    ecx,0x0
=> 0x401f13:	jne    0x401f0d
   0x401f15:	and    ecx,0x0
=> 0x401f13:	jne    0x401f0d
   0x401f15:	and    ecx,0x0
=> 0x401f13:	jne    0x401f0d
   0x401f15:	and    ecx,0x0
=> 0x401f13:	jne    0x401f0d
   0x401f15:	and    ecx,0x0
=> 0x401f13:	jne    0x401f0d
   0x401f15:	and    ecx,0x0
=> 0x401f13:	jne    0x401f0d
   0x401f15:	and    ecx,0x0
=> 0x401f13:	jne    0x401f0d
   0x401f15:	and    ecx,0x0
=> 0x401f13:	jne    0x401f0d
   0x401f15:	and    ecx,0x0
=> 0x401f13:	jne    0x401f0d
   0x401f15:	and    ecx,0x0
=> 0x401f13:	jne    0x401f0d
   0x401f15:	and    ecx,0x0
=> 0x401f13:	jne    0x401f0d
   0x401f15:	and    ecx,0x0
=> 0x401f13:	jne    0x401f0d
   0x401f15:	and    ecx,0x0
=> 0x401f13:	jne    0x401f0d
   0x401f15:	and    ecx,0x0
=> 0x401f13:	jne    0x401f0d
   0x401f15:	and    ecx,0x0
=> 0x401f13:	jne    0x401f0d
   0x401f15:	and    ecx,0x0
=> 0x401f13:	jne    0x401f0d
   0x401f15:	and    ecx,0x0
=> 0x401f13:	jne    0x401f0d
   0x401f15:	and    ecx,0x0
=> 0x401f13:	jne    0x401f0d
   0x401f15:	and    ecx,0x0
=> 0x401f13:	jne    0x401f0d
   0x401f15:	and    ecx,0x0
=> 0x401f13:	jne    0x401f0d
   0x401f15:	and    ecx,0x0
=> 0x401f37:	jne    0x401f1a
   0x401f39:	mov    rdi,0x401000
=> 0x401f37:	jne    0x401f1a
   0x401f39:	mov    rdi,0x401000
=> 0x401f37:	jne    0x401f1a
   0x401f39:	mov    rdi,0x401000
=> 0x401f37:	jne    0x401f1a
   0x401f39:	mov    rdi,0x401000
=> 0x401f37:	jne    0x401f1a
   0x401f39:	mov    rdi,0x401000
=> 0x401f37:	jne    0x401f1a
   0x401f39:	mov    rdi,0x401000
=> 0x401f37:	jne    0x401f1a
   0x401f39:	mov    rdi,0x401000
=> 0x401f37:	jne    0x401f1a
   0x401f39:	mov    rdi,0x401000
=> 0x401f37:	jne    0x401f1a
   0x401f39:	mov    rdi,0x401000
=> 0x401f37:	jne    0x401f1a
   0x401f39:	mov    rdi,0x401000
=> 0x401f37:	jne    0x401f1a
   0x401f39:	mov    rdi,0x401000
=> 0x401f37:	jne    0x401f1a
   0x401f39:	mov    rdi,0x401000
=> 0x401f37:	jne    0x401f1a
   0x401f39:	mov    rdi,0x401000
=> 0x401f37:	jne    0x401f1a
   0x401f39:	mov    rdi,0x401000
=> 0x401f37:	jne    0x401f1a
   0x401f39:	mov    rdi,0x401000
=> 0x401f37:	jne    0x401f1a
   0x401f39:	mov    rdi,0x401000
=> 0x401f37:	jne    0x401f1a
   0x401f39:	mov    rdi,0x401000
=> 0x401f37:	jne    0x401f1a
   0x401f39:	mov    rdi,0x401000
=> 0x401f37:	jne    0x401f1a
   0x401f39:	mov    rdi,0x401000
=> 0x401f37:	jne    0x401f1a
   0x401f39:	mov    rdi,0x401000
=> 0x401f37:	jne    0x401f1a
   0x401f39:	mov    rdi,0x401000
=> 0x401f37:	jne    0x401f1a
   0x401f39:	mov    rdi,0x401000
=> 0x401f37:	jne    0x401f1a
   0x401f39:	mov    rdi,0x401000
=> 0x401f37:	jne    0x401f1a
   0x401f39:	mov    rdi,0x401000
=> 0x401f37:	jne    0x401f1a
   0x401f39:	mov    rdi,0x401000
=> 0x401f37:	jne    0x401f1a
   0x401f39:	mov    rdi,0x401000
=> 0x401f37:	jne    0x401f1a
   0x401f39:	mov    rdi,0x401000
=> 0x401f37:	jne    0x401f1a
   0x401f39:	mov    rdi,0x401000
=> 0x401f37:	jne    0x401f1a
   0x401f39:	mov    rdi,0x401000
=> 0x401f37:	jne    0x401f1a
   0x401f39:	mov    rdi,0x401000
=> 0x401f37:	jne    0x401f1a
   0x401f39:	mov    rdi,0x401000
=> 0x401f37:	jne    0x401f1a
   0x401f39:	mov    rdi,0x401000
=> 0x401f37:	jne    0x401f1a
   0x401f39:	mov    rdi,0x401000
=> 0x401f37:	jne    0x401f1a
   0x401f39:	mov    rdi,0x401000
=> 0x401f37:	jne    0x401f1a
   0x401f39:	mov    rdi,0x401000
=> 0x401f37:	jne    0x401f1a
   0x401f39:	mov    rdi,0x401000
=> 0x401f37:	jne    0x401f1a
   0x401f39:	mov    rdi,0x401000
=> 0x401f37:	jne    0x401f1a
   0x401f39:	mov    rdi,0x401000
=> 0x401f37:	jne    0x401f1a
   0x401f39:	mov    rdi,0x401000
=> 0x401f37:	jne    0x401f1a
   0x401f39:	mov    rdi,0x401000
=> 0x401f37:	jne    0x401f1a
   0x401f39:	mov    rdi,0x401000
=> 0x401f37:	jne    0x401f1a
   0x401f39:	mov    rdi,0x401000
=> 0x401f37:	jne    0x401f1a
   0x401f39:	mov    rdi,0x401000
=> 0x401f37:	jne    0x401f1a
   0x401f39:	mov    rdi,0x401000
=> 0x401f37:	jne    0x401f1a
   0x401f39:	mov    rdi,0x401000
=> 0x401f37:	jne    0x401f1a
   0x401f39:	mov    rdi,0x401000
=> 0x401f37:	jne    0x401f1a
   0x401f39:	mov    rdi,0x401000
=> 0x401f37:	jne    0x401f1a
   0x401f39:	mov    rdi,0x401000
=> 0x401f37:	jne    0x401f1a
   0x401f39:	mov    rdi,0x401000
=> 0x401f37:	jne    0x401f1a
   0x401f39:	mov    rdi,0x401000
=> 0x401f37:	jne    0x401f1a
   0x401f39:	mov    rdi,0x401000
=> 0x401f37:	jne    0x401f1a
   0x401f39:	mov    rdi,0x401000
=> 0x401f37:	jne    0x401f1a
   0x401f39:	mov    rdi,0x401000
=> 0x401f37:	jne    0x401f1a
   0x401f39:	mov    rdi,0x401000
=> 0x401f37:	jne    0x401f1a
   0x401f39:	mov    rdi,0x401000
=> 0x401f37:	jne    0x401f1a
   0x401f39:	mov    rdi,0x401000
=> 0x401f37:	jne    0x401f1a
   0x401f39:	mov    rdi,0x401000
=> 0x401f37:	jne    0x401f1a
   0x401f39:	mov    rdi,0x401000
=> 0x401f37:	jne    0x401f1a
   0x401f39:	mov    rdi,0x401000
=> 0x401f37:	jne    0x401f1a
   0x401f39:	mov    rdi,0x401000
=> 0x401f37:	jne    0x401f1a
   0x401f39:	mov    rdi,0x401000
=> 0x401f37:	jne    0x401f1a
   0x401f39:	mov    rdi,0x401000
=> 0x401f37:	jne    0x401f1a
   0x401f39:	mov    rdi,0x401000
=> 0x401f37:	jne    0x401f1a
   0x401f39:	mov    rdi,0x401000
=> 0x401f37:	jne    0x401f1a
   0x401f39:	mov    rdi,0x401000
=> 0x401f37:	jne    0x401f1a
   0x401f39:	mov    rdi,0x401000
=> 0x401f37:	jne    0x401f1a
   0x401f39:	mov    rdi,0x401000
=> 0x401f37:	jne    0x401f1a
   0x401f39:	mov    rdi,0x401000
=> 0x401f37:	jne    0x401f1a
   0x401f39:	mov    rdi,0x401000
=> 0x401f37:	jne    0x401f1a
   0x401f39:	mov    rdi,0x401000
=> 0x401f37:	jne    0x401f1a
   0x401f39:	mov    rdi,0x401000
=> 0x401f37:	jne    0x401f1a
   0x401f39:	mov    rdi,0x401000
=> 0x401f37:	jne    0x401f1a
   0x401f39:	mov    rdi,0x401000
=> 0x401f37:	jne    0x401f1a
   0x401f39:	mov    rdi,0x401000
=> 0x401f37:	jne    0x401f1a
   0x401f39:	mov    rdi,0x401000
=> 0x401f37:	jne    0x401f1a
   0x401f39:	mov    rdi,0x401000
=> 0x401f37:	jne    0x401f1a
   0x401f39:	mov    rdi,0x401000
=> 0x401f37:	jne    0x401f1a
   0x401f39:	mov    rdi,0x401000
=> 0x401f37:	jne    0x401f1a
   0x401f39:	mov    rdi,0x401000
=> 0x401f37:	jne    0x401f1a
   0x401f39:	mov    rdi,0x401000
=> 0x401f37:	jne    0x401f1a
   0x401f39:	mov    rdi,0x401000
=> 0x401f37:	jne    0x401f1a
   0x401f39:	mov    rdi,0x401000
=> 0x401f37:	jne    0x401f1a
   0x401f39:	mov    rdi,0x401000
=> 0x401f37:	jne    0x401f1a
   0x401f39:	mov    rdi,0x401000
=> 0x401f37:	jne    0x401f1a
   0x401f39:	mov    rdi,0x401000
=> 0x401f37:	jne    0x401f1a
   0x401f39:	mov    rdi,0x401000
=> 0x401f37:	jne    0x401f1a
   0x401f39:	mov    rdi,0x401000
=> 0x401f37:	jne    0x401f1a
   0x401f39:	mov    rdi,0x401000
=> 0x401f37:	jne    0x401f1a
   0x401f39:	mov    rdi,0x401000
=> 0x401f37:	jne    0x401f1a
   0x401f39:	mov    rdi,0x401000
=> 0x401f37:	jne    0x401f1a
   0x401f39:	mov    rdi,0x401000
=> 0x401f37:	jne    0x401f1a
   0x401f39:	mov    rdi,0x401000
=> 0x401f37:	jne    0x401f1a
   0x401f39:	mov    rdi,0x401000
=> 0x401f37:	jne    0x401f1a
   0x401f39:	mov    rdi,0x401000
=> 0x401f37:	jne    0x401f1a
   0x401f39:	mov    rdi,0x401000
=> 0x401f37:	jne    0x401f1a
   0x401f39:	mov    rdi,0x401000
=> 0x401f37:	jne    0x401f1a
   0x401f39:	mov    rdi,0x401000
=> 0x401f37:	jne    0x401f1a
   0x401f39:	mov    rdi,0x401000
=> 0x401f37:	jne    0x401f1a
   0x401f39:	mov    rdi,0x401000
=> 0x401f37:	jne    0x401f1a
   0x401f39:	mov    rdi,0x401000
=> 0x401f37:	jne    0x401f1a
   0x401f39:	mov    rdi,0x401000
=> 0x401f37:	jne    0x401f1a
   0x401f39:	mov    rdi,0x401000
=> 0x401f37:	jne    0x401f1a
   0x401f39:	mov    rdi,0x401000
=> 0x401f37:	jne    0x401f1a
   0x401f39:	mov    rdi,0x401000
=> 0x401f37:	jne    0x401f1a
   0x401f39:	mov    rdi,0x401000
=> 0x401f37:	jne    0x401f1a
   0x401f39:	mov    rdi,0x401000
=> 0x401f37:	jne    0x401f1a
   0x401f39:	mov    rdi,0x401000
=> 0x401f37:	jne    0x401f1a
   0x401f39:	mov    rdi,0x401000
=> 0x401f37:	jne    0x401f1a
   0x401f39:	mov    rdi,0x401000
=> 0x401f37:	jne    0x401f1a
   0x401f39:	mov    rdi,0x401000
=> 0x401f37:	jne    0x401f1a
   0x401f39:	mov    rdi,0x401000
=> 0x401f37:	jne    0x401f1a
   0x401f39:	mov    rdi,0x401000
=> 0x401f37:	jne    0x401f1a
   0x401f39:	mov    rdi,0x401000
=> 0x401f37:	jne    0x401f1a
   0x401f39:	mov    rdi,0x401000
=> 0x401f37:	jne    0x401f1a
   0x401f39:	mov    rdi,0x401000
=> 0x401f37:	jne    0x401f1a
   0x401f39:	mov    rdi,0x401000
=> 0x401f37:	jne    0x401f1a
   0x401f39:	mov    rdi,0x401000
=> 0x401f37:	jne    0x401f1a
   0x401f39:	mov    rdi,0x401000
=> 0x401f37:	jne    0x401f1a
   0x401f39:	mov    rdi,0x401000
=> 0x401f37:	jne    0x401f1a
   0x401f39:	mov    rdi,0x401000
=> 0x401f37:	jne    0x401f1a
   0x401f39:	mov    rdi,0x401000
=> 0x401f37:	jne    0x401f1a
   0x401f39:	mov    rdi,0x401000
=> 0x401f37:	jne    0x401f1a
   0x401f39:	mov    rdi,0x401000
=> 0x401f37:	jne    0x401f1a
   0x401f39:	mov    rdi,0x401000
=> 0x401f37:	jne    0x401f1a
   0x401f39:	mov    rdi,0x401000
=> 0x401f37:	jne    0x401f1a
   0x401f39:	mov    rdi,0x401000
=> 0x401f37:	jne    0x401f1a
   0x401f39:	mov    rdi,0x401000
=> 0x401f37:	jne    0x401f1a
   0x401f39:	mov    rdi,0x401000
=> 0x401f37:	jne    0x401f1a
   0x401f39:	mov    rdi,0x401000
=> 0x401f37:	jne    0x401f1a
   0x401f39:	mov    rdi,0x401000
=> 0x401f37:	jne    0x401f1a
   0x401f39:	mov    rdi,0x401000
=> 0x401f37:	jne    0x401f1a
   0x401f39:	mov    rdi,0x401000
=> 0x401f37:	jne    0x401f1a
   0x401f39:	mov    rdi,0x401000
=> 0x401f37:	jne    0x401f1a
   0x401f39:	mov    rdi,0x401000
=> 0x401f37:	jne    0x401f1a
   0x401f39:	mov    rdi,0x401000
=> 0x401f37:	jne    0x401f1a
   0x401f39:	mov    rdi,0x401000
=> 0x401f37:	jne    0x401f1a
   0x401f39:	mov    rdi,0x401000
=> 0x401f37:	jne    0x401f1a
   0x401f39:	mov    rdi,0x401000
=> 0x401f37:	jne    0x401f1a
   0x401f39:	mov    rdi,0x401000
=> 0x401f37:	jne    0x401f1a
   0x401f39:	mov    rdi,0x401000
=> 0x401f37:	jne    0x401f1a
   0x401f39:	mov    rdi,0x401000
=> 0x401f37:	jne    0x401f1a
   0x401f39:	mov    rdi,0x401000
=> 0x401f37:	jne    0x401f1a
   0x401f39:	mov    rdi,0x401000
=> 0x401f37:	jne    0x401f1a
   0x401f39:	mov    rdi,0x401000
=> 0x401f37:	jne    0x401f1a
   0x401f39:	mov    rdi,0x401000
=> 0x401f37:	jne    0x401f1a
   0x401f39:	mov    rdi,0x401000
=> 0x401f37:	jne    0x401f1a
   0x401f39:	mov    rdi,0x401000
=> 0x401f37:	jne    0x401f1a
   0x401f39:	mov    rdi,0x401000
=> 0x401f37:	jne    0x401f1a
   0x401f39:	mov    rdi,0x401000
=> 0x401f37:	jne    0x401f1a
   0x401f39:	mov    rdi,0x401000
=> 0x401f37:	jne    0x401f1a
   0x401f39:	mov    rdi,0x401000
=> 0x401f37:	jne    0x401f1a
   0x401f39:	mov    rdi,0x401000
=> 0x401f37:	jne    0x401f1a
   0x401f39:	mov    rdi,0x401000
=> 0x401f37:	jne    0x401f1a
   0x401f39:	mov    rdi,0x401000
=> 0x401f37:	jne    0x401f1a
   0x401f39:	mov    rdi,0x401000
=> 0x401f37:	jne    0x401f1a
   0x401f39:	mov    rdi,0x401000
=> 0x401f37:	jne    0x401f1a
   0x401f39:	mov    rdi,0x401000
=> 0x401f37:	jne    0x401f1a
   0x401f39:	mov    rdi,0x401000
=> 0x401f37:	jne    0x401f1a
   0x401f39:	mov    rdi,0x401000
=> 0x401f37:	jne    0x401f1a
   0x401f39:	mov    rdi,0x401000
=> 0x401f37:	jne    0x401f1a
   0x401f39:	mov    rdi,0x401000
=> 0x401f37:	jne    0x401f1a
   0x401f39:	mov    rdi,0x401000
=> 0x401f37:	jne    0x401f1a
   0x401f39:	mov    rdi,0x401000
=> 0x401f37:	jne    0x401f1a
   0x401f39:	mov    rdi,0x401000
=> 0x401f37:	jne    0x401f1a
   0x401f39:	mov    rdi,0x401000
=> 0x401f37:	jne    0x401f1a
   0x401f39:	mov    rdi,0x401000
=> 0x401f37:	jne    0x401f1a
   0x401f39:	mov    rdi,0x401000
=> 0x401f37:	jne    0x401f1a
   0x401f39:	mov    rdi,0x401000
=> 0x401f37:	jne    0x401f1a
   0x401f39:	mov    rdi,0x401000
=> 0x401f37:	jne    0x401f1a
   0x401f39:	mov    rdi,0x401000
=> 0x401f37:	jne    0x401f1a
   0x401f39:	mov    rdi,0x401000
=> 0x401f37:	jne    0x401f1a
   0x401f39:	mov    rdi,0x401000
=> 0x401f37:	jne    0x401f1a
   0x401f39:	mov    rdi,0x401000
=> 0x401f37:	jne    0x401f1a
   0x401f39:	mov    rdi,0x401000
=> 0x401f37:	jne    0x401f1a
   0x401f39:	mov    rdi,0x401000
=> 0x401f37:	jne    0x401f1a
   0x401f39:	mov    rdi,0x401000
=> 0x401f37:	jne    0x401f1a
   0x401f39:	mov    rdi,0x401000
=> 0x401f37:	jne    0x401f1a
   0x401f39:	mov    rdi,0x401000
=> 0x401f37:	jne    0x401f1a
   0x401f39:	mov    rdi,0x401000
=> 0x401f37:	jne    0x401f1a
   0x401f39:	mov    rdi,0x401000
=> 0x401f37:	jne    0x401f1a
   0x401f39:	mov    rdi,0x401000
=> 0x401f37:	jne    0x401f1a
   0x401f39:	mov    rdi,0x401000
=> 0x401f37:	jne    0x401f1a
   0x401f39:	mov    rdi,0x401000
=> 0x401f37:	jne    0x401f1a
   0x401f39:	mov    rdi,0x401000
=> 0x401f37:	jne    0x401f1a
   0x401f39:	mov    rdi,0x401000
=> 0x401f37:	jne    0x401f1a
   0x401f39:	mov    rdi,0x401000
=> 0x401f37:	jne    0x401f1a
   0x401f39:	mov    rdi,0x401000
=> 0x401f37:	jne    0x401f1a
   0x401f39:	mov    rdi,0x401000
=> 0x401f37:	jne    0x401f1a
   0x401f39:	mov    rdi,0x401000
=> 0x401f37:	jne    0x401f1a
   0x401f39:	mov    rdi,0x401000
=> 0x401f37:	jne    0x401f1a
   0x401f39:	mov    rdi,0x401000
=> 0x401f37:	jne    0x401f1a
   0x401f39:	mov    rdi,0x401000
=> 0x401f37:	jne    0x401f1a
   0x401f39:	mov    rdi,0x401000
=> 0x401f37:	jne    0x401f1a
   0x401f39:	mov    rdi,0x401000
=> 0x401f37:	jne    0x401f1a
   0x401f39:	mov    rdi,0x401000
=> 0x401f37:	jne    0x401f1a
   0x401f39:	mov    rdi,0x401000
=> 0x401f37:	jne    0x401f1a
   0x401f39:	mov    rdi,0x401000
=> 0x401f37:	jne    0x401f1a
   0x401f39:	mov    rdi,0x401000
=> 0x401f37:	jne    0x401f1a
   0x401f39:	mov    rdi,0x401000
=> 0x401f37:	jne    0x401f1a
   0x401f39:	mov    rdi,0x401000
=> 0x401f37:	jne    0x401f1a
   0x401f39:	mov    rdi,0x401000
=> 0x401f37:	jne    0x401f1a
   0x401f39:	mov    rdi,0x401000
=> 0x401f37:	jne    0x401f1a
   0x401f39:	mov    rdi,0x401000
=> 0x401f37:	jne    0x401f1a
   0x401f39:	mov    rdi,0x401000
=> 0x401f37:	jne    0x401f1a
   0x401f39:	mov    rdi,0x401000
=> 0x401f37:	jne    0x401f1a
   0x401f39:	mov    rdi,0x401000
=> 0x401f37:	jne    0x401f1a
   0x401f39:	mov    rdi,0x401000
=> 0x401f37:	jne    0x401f1a
   0x401f39:	mov    rdi,0x401000
=> 0x401f37:	jne    0x401f1a
   0x401f39:	mov    rdi,0x401000
=> 0x401f37:	jne    0x401f1a
   0x401f39:	mov    rdi,0x401000
=> 0x401f37:	jne    0x401f1a
   0x401f39:	mov    rdi,0x401000
=> 0x401f37:	jne    0x401f1a
   0x401f39:	mov    rdi,0x401000
=> 0x401f37:	jne    0x401f1a
   0x401f39:	mov    rdi,0x401000
=> 0x401f37:	jne    0x401f1a
   0x401f39:	mov    rdi,0x401000
=> 0x401f37:	jne    0x401f1a
   0x401f39:	mov    rdi,0x401000
=> 0x401f37:	jne    0x401f1a
   0x401f39:	mov    rdi,0x401000
=> 0x401f37:	jne    0x401f1a
   0x401f39:	mov    rdi,0x401000
=> 0x401f37:	jne    0x401f1a
   0x401f39:	mov    rdi,0x401000
=> 0x401f37:	jne    0x401f1a
   0x401f39:	mov    rdi,0x401000
=> 0x401f37:	jne    0x401f1a
   0x401f39:	mov    rdi,0x401000
=> 0x401f37:	jne    0x401f1a
   0x401f39:	mov    rdi,0x401000
=> 0x401f37:	jne    0x401f1a
   0x401f39:	mov    rdi,0x401000
=> 0x401f37:	jne    0x401f1a
   0x401f39:	mov    rdi,0x401000
=> 0x401f37:	jne    0x401f1a
   0x401f39:	mov    rdi,0x401000
=> 0x401f37:	jne    0x401f1a
   0x401f39:	mov    rdi,0x401000
=> 0x401f37:	jne    0x401f1a
   0x401f39:	mov    rdi,0x401000
=> 0x401f37:	jne    0x401f1a
   0x401f39:	mov    rdi,0x401000
=> 0x401f37:	jne    0x401f1a
   0x401f39:	mov    rdi,0x401000
=> 0x401f37:	jne    0x401f1a
   0x401f39:	mov    rdi,0x401000
=> 0x401f37:	jne    0x401f1a
   0x401f39:	mov    rdi,0x401000
=> 0x401f37:	jne    0x401f1a
   0x401f39:	mov    rdi,0x401000
=> 0x401f37:	jne    0x401f1a
   0x401f39:	mov    rdi,0x401000
=> 0x401f37:	jne    0x401f1a
   0x401f39:	mov    rdi,0x401000
=> 0x401f37:	jne    0x401f1a
   0x401f39:	mov    rdi,0x401000
=> 0x401f37:	jne    0x401f1a
   0x401f39:	mov    rdi,0x401000
=> 0x401f37:	jne    0x401f1a
   0x401f39:	mov    rdi,0x401000
=> 0x401f37:	jne    0x401f1a
   0x401f39:	mov    rdi,0x401000
=> 0x401f37:	jne    0x401f1a
   0x401f39:	mov    rdi,0x401000
=> 0x401f37:	jne    0x401f1a
   0x401f39:	mov    rdi,0x401000
=> 0x401f37:	jne    0x401f1a
   0x401f39:	mov    rdi,0x401000
=> 0x401f37:	jne    0x401f1a
   0x401f39:	mov    rdi,0x401000
=> 0x401f37:	jne    0x401f1a
   0x401f39:	mov    rdi,0x401000
=> 0x401f37:	jne    0x401f1a
   0x401f39:	mov    rdi,0x401000
=> 0x401f37:	jne    0x401f1a
   0x401f39:	mov    rdi,0x401000
=> 0x401f37:	jne    0x401f1a
   0x401f39:	mov    rdi,0x401000
=> 0x401f37:	jne    0x401f1a
   0x401f39:	mov    rdi,0x401000
=> 0x401f37:	jne    0x401f1a
   0x401f39:	mov    rdi,0x401000
=> 0x401f37:	jne    0x401f1a
   0x401f39:	mov    rdi,0x401000
=> 0x401f37:	jne    0x401f1a
   0x401f39:	mov    rdi,0x401000
=> 0x401f37:	jne    0x401f1a
   0x401f39:	mov    rdi,0x401000
=> 0x401f37:	jne    0x401f1a
   0x401f39:	mov    rdi,0x401000
=> 0x401f37:	jne    0x401f1a
   0x401f39:	mov    rdi,0x401000
=> 0x401f37:	jne    0x401f1a
   0x401f39:	mov    rdi,0x401000
=> 0x401f37:	jne    0x401f1a
   0x401f39:	mov    rdi,0x401000
=> 0x401f37:	jne    0x401f1a
   0x401f39:	mov    rdi,0x401000
=> 0x401f37:	jne    0x401f1a
   0x401f39:	mov    rdi,0x401000
=> 0x401f4a:	mov    eax,DWORD PTR [rsp+rcx*1]
   0x401f4d:	add    dl,al
=> 0x401f4a:	mov    eax,DWORD PTR [rsp+rcx*1]
   0x401f4d:	add    dl,al
=> 0x401f4a:	mov    eax,DWORD PTR [rsp+rcx*1]
   0x401f4d:	add    dl,al
=> 0x401f4a:	mov    eax,DWORD PTR [rsp+rcx*1]
   0x401f4d:	add    dl,al
=> 0x401f4a:	mov    eax,DWORD PTR [rsp+rcx*1]
   0x401f4d:	add    dl,al
=> 0x401f4a:	mov    eax,DWORD PTR [rsp+rcx*1]
   0x401f4d:	add    dl,al
=> 0x401f4a:	mov    eax,DWORD PTR [rsp+rcx*1]
   0x401f4d:	add    dl,al
=> 0x401f4a:	mov    eax,DWORD PTR [rsp+rcx*1]
   0x401f4d:	add    dl,al
=> 0x401f4a:	mov    eax,DWORD PTR [rsp+rcx*1]
   0x401f4d:	add    dl,al
=> 0x401f4a:	mov    eax,DWORD PTR [rsp+rcx*1]
   0x401f4d:	add    dl,al
=> 0x401f4a:	mov    eax,DWORD PTR [rsp+rcx*1]
   0x401f4d:	add    dl,al
=> 0x401f4a:	mov    eax,DWORD PTR [rsp+rcx*1]
   0x401f4d:	add    dl,al
=> 0x401f4a:	mov    eax,DWORD PTR [rsp+rcx*1]
   0x401f4d:	add    dl,al
=> 0x401f4a:	mov    eax,DWORD PTR [rsp+rcx*1]
   0x401f4d:	add    dl,al
=> 0x401f4a:	mov    eax,DWORD PTR [rsp+rcx*1]
   0x401f4d:	add    dl,al
=> 0x401f4a:	mov    eax,DWORD PTR [rsp+rcx*1]
   0x401f4d:	add    dl,al
=> 0x401f4a:	mov    eax,DWORD PTR [rsp+rcx*1]
   0x401f4d:	add    dl,al
=> 0x401f4a:	mov    eax,DWORD PTR [rsp+rcx*1]
   0x401f4d:	add    dl,al
=> 0x401f4a:	mov    eax,DWORD PTR [rsp+rcx*1]
   0x401f4d:	add    dl,al
=> 0x401f4a:	mov    eax,DWORD PTR [rsp+rcx*1]
   0x401f4d:	add    dl,al
=> 0x401f4a:	mov    eax,DWORD PTR [rsp+rcx*1]
   0x401f4d:	add    dl,al
=> 0x401f4a:	mov    eax,DWORD PTR [rsp+rcx*1]
   0x401f4d:	add    dl,al
=> 0x401f4a:	mov    eax,DWORD PTR [rsp+rcx*1]
   0x401f4d:	add    dl,al
=> 0x401f4a:	mov    eax,DWORD PTR [rsp+rcx*1]
   0x401f4d:	add    dl,al
=> 0x401f4a:	mov    eax,DWORD PTR [rsp+rcx*1]
   0x401f4d:	add    dl,al
=> 0x401f4a:	mov    eax,DWORD PTR [rsp+rcx*1]
   0x401f4d:	add    dl,al
=> 0x401f4a:	mov    eax,DWORD PTR [rsp+rcx*1]
   0x401f4d:	add    dl,al
=> 0x401f4a:	mov    eax,DWORD PTR [rsp+rcx*1]
   0x401f4d:	add    dl,al
=> 0x401f4a:	mov    eax,DWORD PTR [rsp+rcx*1]
   0x401f4d:	add    dl,al
=> 0x401f4a:	mov    eax,DWORD PTR [rsp+rcx*1]
   0x401f4d:	add    dl,al
=> 0x401f4a:	mov    eax,DWORD PTR [rsp+rcx*1]
   0x401f4d:	add    dl,al
=> 0x401f4a:	mov    eax,DWORD PTR [rsp+rcx*1]
   0x401f4d:	add    dl,al
=> 0x401f4a:	mov    eax,DWORD PTR [rsp+rcx*1]
   0x401f4d:	add    dl,al
=> 0x401f4a:	mov    eax,DWORD PTR [rsp+rcx*1]
   0x401f4d:	add    dl,al
=> 0x401f4a:	mov    eax,DWORD PTR [rsp+rcx*1]
   0x401f4d:	add    dl,al
=> 0x401f4a:	mov    eax,DWORD PTR [rsp+rcx*1]
   0x401f4d:	add    dl,al
=> 0x401f4a:	mov    eax,DWORD PTR [rsp+rcx*1]
   0x401f4d:	add    dl,al
=> 0x401f4a:	mov    eax,DWORD PTR [rsp+rcx*1]
   0x401f4d:	add    dl,al
=> 0x401f4a:	mov    eax,DWORD PTR [rsp+rcx*1]
   0x401f4d:	add    dl,al
=> 0x401f4a:	mov    eax,DWORD PTR [rsp+rcx*1]
   0x401f4d:	add    dl,al
=> 0x401f4a:	mov    eax,DWORD PTR [rsp+rcx*1]
   0x401f4d:	add    dl,al
=> 0x401f4a:	mov    eax,DWORD PTR [rsp+rcx*1]
   0x401f4d:	add    dl,al
=> 0x401f4a:	mov    eax,DWORD PTR [rsp+rcx*1]
   0x401f4d:	add    dl,al
=> 0x401f4a:	mov    eax,DWORD PTR [rsp+rcx*1]
   0x401f4d:	add    dl,al
=> 0x401f4a:	mov    eax,DWORD PTR [rsp+rcx*1]
   0x401f4d:	add    dl,al
=> 0x401f4a:	mov    eax,DWORD PTR [rsp+rcx*1]
   0x401f4d:	add    dl,al
=> 0x401f4a:	mov    eax,DWORD PTR [rsp+rcx*1]
   0x401f4d:	add    dl,al
=> 0x401f4a:	mov    eax,DWORD PTR [rsp+rcx*1]
   0x401f4d:	add    dl,al
=> 0x401f4a:	mov    eax,DWORD PTR [rsp+rcx*1]
   0x401f4d:	add    dl,al
=> 0x401f4a:	mov    eax,DWORD PTR [rsp+rcx*1]
   0x401f4d:	add    dl,al
=> 0x401f4a:	mov    eax,DWORD PTR [rsp+rcx*1]
   0x401f4d:	add    dl,al
=> 0x401f4a:	mov    eax,DWORD PTR [rsp+rcx*1]
   0x401f4d:	add    dl,al
=> 0x401f4a:	mov    eax,DWORD PTR [rsp+rcx*1]
   0x401f4d:	add    dl,al
=> 0x401f4a:	mov    eax,DWORD PTR [rsp+rcx*1]
   0x401f4d:	add    dl,al
=> 0x401f4a:	mov    eax,DWORD PTR [rsp+rcx*1]
   0x401f4d:	add    dl,al
=> 0x401f4a:	mov    eax,DWORD PTR [rsp+rcx*1]
   0x401f4d:	add    dl,al
=> 0x401f4a:	mov    eax,DWORD PTR [rsp+rcx*1]
   0x401f4d:	add    dl,al
=> 0x401f4a:	mov    eax,DWORD PTR [rsp+rcx*1]
   0x401f4d:	add    dl,al
=> 0x401f4a:	mov    eax,DWORD PTR [rsp+rcx*1]
   0x401f4d:	add    dl,al
=> 0x401f4a:	mov    eax,DWORD PTR [rsp+rcx*1]
   0x401f4d:	add    dl,al
=> 0x401f4a:	mov    eax,DWORD PTR [rsp+rcx*1]
   0x401f4d:	add    dl,al
=> 0x401f4a:	mov    eax,DWORD PTR [rsp+rcx*1]
   0x401f4d:	add    dl,al
=> 0x401f4a:	mov    eax,DWORD PTR [rsp+rcx*1]
   0x401f4d:	add    dl,al
=> 0x401f4a:	mov    eax,DWORD PTR [rsp+rcx*1]
   0x401f4d:	add    dl,al
=> 0x401f4a:	mov    eax,DWORD PTR [rsp+rcx*1]
   0x401f4d:	add    dl,al
=> 0x401f4a:	mov    eax,DWORD PTR [rsp+rcx*1]
   0x401f4d:	add    dl,al
=> 0x401f4a:	mov    eax,DWORD PTR [rsp+rcx*1]
   0x401f4d:	add    dl,al
=> 0x401f4a:	mov    eax,DWORD PTR [rsp+rcx*1]
   0x401f4d:	add    dl,al
=> 0x401f4a:	mov    eax,DWORD PTR [rsp+rcx*1]
   0x401f4d:	add    dl,al
=> 0x401f4a:	mov    eax,DWORD PTR [rsp+rcx*1]
   0x401f4d:	add    dl,al
=> 0x401f4a:	mov    eax,DWORD PTR [rsp+rcx*1]
   0x401f4d:	add    dl,al
=> 0x401f4a:	mov    eax,DWORD PTR [rsp+rcx*1]
   0x401f4d:	add    dl,al
=> 0x401f4a:	mov    eax,DWORD PTR [rsp+rcx*1]
   0x401f4d:	add    dl,al
=> 0x401f4a:	mov    eax,DWORD PTR [rsp+rcx*1]
   0x401f4d:	add    dl,al
=> 0x401f4a:	mov    eax,DWORD PTR [rsp+rcx*1]
   0x401f4d:	add    dl,al
=> 0x401f4a:	mov    eax,DWORD PTR [rsp+rcx*1]
   0x401f4d:	add    dl,al
=> 0x401f4a:	mov    eax,DWORD PTR [rsp+rcx*1]
   0x401f4d:	add    dl,al
=> 0x401f4a:	mov    eax,DWORD PTR [rsp+rcx*1]
   0x401f4d:	add    dl,al
=> 0x401f4a:	mov    eax,DWORD PTR [rsp+rcx*1]
   0x401f4d:	add    dl,al
=> 0x401f4a:	mov    eax,DWORD PTR [rsp+rcx*1]
   0x401f4d:	add    dl,al
=> 0x401f4a:	mov    eax,DWORD PTR [rsp+rcx*1]
   0x401f4d:	add    dl,al
=> 0x401f4a:	mov    eax,DWORD PTR [rsp+rcx*1]
   0x401f4d:	add    dl,al
=> 0x401f4a:	mov    eax,DWORD PTR [rsp+rcx*1]
   0x401f4d:	add    dl,al
=> 0x401f4a:	mov    eax,DWORD PTR [rsp+rcx*1]
   0x401f4d:	add    dl,al
=> 0x401f4a:	mov    eax,DWORD PTR [rsp+rcx*1]
   0x401f4d:	add    dl,al
=> 0x401f4a:	mov    eax,DWORD PTR [rsp+rcx*1]
   0x401f4d:	add    dl,al
=> 0x401f4a:	mov    eax,DWORD PTR [rsp+rcx*1]
   0x401f4d:	add    dl,al
=> 0x401f4a:	mov    eax,DWORD PTR [rsp+rcx*1]
   0x401f4d:	add    dl,al
=> 0x401f4a:	mov    eax,DWORD PTR [rsp+rcx*1]
   0x401f4d:	add    dl,al
=> 0x401f4a:	mov    eax,DWORD PTR [rsp+rcx*1]
   0x401f4d:	add    dl,al
=> 0x401f4a:	mov    eax,DWORD PTR [rsp+rcx*1]
   0x401f4d:	add    dl,al
=> 0x401f4a:	mov    eax,DWORD PTR [rsp+rcx*1]
   0x401f4d:	add    dl,al
=> 0x401f4a:	mov    eax,DWORD PTR [rsp+rcx*1]
   0x401f4d:	add    dl,al
=> 0x401f4a:	mov    eax,DWORD PTR [rsp+rcx*1]
   0x401f4d:	add    dl,al
=> 0x401f4a:	mov    eax,DWORD PTR [rsp+rcx*1]
   0x401f4d:	add    dl,al
=> 0x401f4a:	mov    eax,DWORD PTR [rsp+rcx*1]
   0x401f4d:	add    dl,al
=> 0x401f4a:	mov    eax,DWORD PTR [rsp+rcx*1]
   0x401f4d:	add    dl,al
=> 0x401f4a:	mov    eax,DWORD PTR [rsp+rcx*1]
   0x401f4d:	add    dl,al
=> 0x401f4a:	mov    eax,DWORD PTR [rsp+rcx*1]
   0x401f4d:	add    dl,al
=> 0x401f4a:	mov    eax,DWORD PTR [rsp+rcx*1]
   0x401f4d:	add    dl,al
=> 0x401f4a:	mov    eax,DWORD PTR [rsp+rcx*1]
   0x401f4d:	add    dl,al
=> 0x401f4a:	mov    eax,DWORD PTR [rsp+rcx*1]
   0x401f4d:	add    dl,al
=> 0x401f4a:	mov    eax,DWORD PTR [rsp+rcx*1]
   0x401f4d:	add    dl,al
=> 0x401f4a:	mov    eax,DWORD PTR [rsp+rcx*1]
   0x401f4d:	add    dl,al
=> 0x401f4a:	mov    eax,DWORD PTR [rsp+rcx*1]
   0x401f4d:	add    dl,al
=> 0x401f4a:	mov    eax,DWORD PTR [rsp+rcx*1]
   0x401f4d:	add    dl,al
=> 0x401f4a:	mov    eax,DWORD PTR [rsp+rcx*1]
   0x401f4d:	add    dl,al
=> 0x401f4a:	mov    eax,DWORD PTR [rsp+rcx*1]
   0x401f4d:	add    dl,al
=> 0x401f4a:	mov    eax,DWORD PTR [rsp+rcx*1]
   0x401f4d:	add    dl,al
=> 0x401f4a:	mov    eax,DWORD PTR [rsp+rcx*1]
   0x401f4d:	add    dl,al
=> 0x401f4a:	mov    eax,DWORD PTR [rsp+rcx*1]
   0x401f4d:	add    dl,al
=> 0x401f4a:	mov    eax,DWORD PTR [rsp+rcx*1]
   0x401f4d:	add    dl,al
=> 0x401f4a:	mov    eax,DWORD PTR [rsp+rcx*1]
   0x401f4d:	add    dl,al
=> 0x401f4a:	mov    eax,DWORD PTR [rsp+rcx*1]
   0x401f4d:	add    dl,al
=> 0x401f4a:	mov    eax,DWORD PTR [rsp+rcx*1]
   0x401f4d:	add    dl,al
=> 0x401f4a:	mov    eax,DWORD PTR [rsp+rcx*1]
   0x401f4d:	add    dl,al
=> 0x401f4a:	mov    eax,DWORD PTR [rsp+rcx*1]
   0x401f4d:	add    dl,al
=> 0x401f4a:	mov    eax,DWORD PTR [rsp+rcx*1]
   0x401f4d:	add    dl,al
=> 0x401f4a:	mov    eax,DWORD PTR [rsp+rcx*1]
   0x401f4d:	add    dl,al
=> 0x401f4a:	mov    eax,DWORD PTR [rsp+rcx*1]
   0x401f4d:	add    dl,al
=> 0x401f4a:	mov    eax,DWORD PTR [rsp+rcx*1]
   0x401f4d:	add    dl,al
=> 0x401f4a:	mov    eax,DWORD PTR [rsp+rcx*1]
   0x401f4d:	add    dl,al
=> 0x401f4a:	mov    eax,DWORD PTR [rsp+rcx*1]
   0x401f4d:	add    dl,al
=> 0x401f4a:	mov    eax,DWORD PTR [rsp+rcx*1]
   0x401f4d:	add    dl,al
=> 0x401f4a:	mov    eax,DWORD PTR [rsp+rcx*1]
   0x401f4d:	add    dl,al
=> 0x401f4a:	mov    eax,DWORD PTR [rsp+rcx*1]
   0x401f4d:	add    dl,al
=> 0x401f4a:	mov    eax,DWORD PTR [rsp+rcx*1]
   0x401f4d:	add    dl,al
=> 0x401f4a:	mov    eax,DWORD PTR [rsp+rcx*1]
   0x401f4d:	add    dl,al
=> 0x401f4a:	mov    eax,DWORD PTR [rsp+rcx*1]
   0x401f4d:	add    dl,al
=> 0x401f4a:	mov    eax,DWORD PTR [rsp+rcx*1]
   0x401f4d:	add    dl,al
=> 0x401f4a:	mov    eax,DWORD PTR [rsp+rcx*1]
   0x401f4d:	add    dl,al
=> 0x401f4a:	mov    eax,DWORD PTR [rsp+rcx*1]
   0x401f4d:	add    dl,al
=> 0x401f4a:	mov    eax,DWORD PTR [rsp+rcx*1]
   0x401f4d:	add    dl,al
=> 0x401f4a:	mov    eax,DWORD PTR [rsp+rcx*1]
   0x401f4d:	add    dl,al
=> 0x401f4a:	mov    eax,DWORD PTR [rsp+rcx*1]
   0x401f4d:	add    dl,al
=> 0x401f4a:	mov    eax,DWORD PTR [rsp+rcx*1]
   0x401f4d:	add    dl,al
=> 0x401f4a:	mov    eax,DWORD PTR [rsp+rcx*1]
   0x401f4d:	add    dl,al
=> 0x401f4a:	mov    eax,DWORD PTR [rsp+rcx*1]
   0x401f4d:	add    dl,al
=> 0x401f4a:	mov    eax,DWORD PTR [rsp+rcx*1]
   0x401f4d:	add    dl,al
=> 0x401f4a:	mov    eax,DWORD PTR [rsp+rcx*1]
   0x401f4d:	add    dl,al
=> 0x401f4a:	mov    eax,DWORD PTR [rsp+rcx*1]
   0x401f4d:	add    dl,al
=> 0x401f4a:	mov    eax,DWORD PTR [rsp+rcx*1]
   0x401f4d:	add    dl,al
=> 0x401f4a:	mov    eax,DWORD PTR [rsp+rcx*1]
   0x401f4d:	add    dl,al
=> 0x401f4a:	mov    eax,DWORD PTR [rsp+rcx*1]
   0x401f4d:	add    dl,al
=> 0x401f4a:	mov    eax,DWORD PTR [rsp+rcx*1]
   0x401f4d:	add    dl,al
=> 0x401f4a:	mov    eax,DWORD PTR [rsp+rcx*1]
   0x401f4d:	add    dl,al
=> 0x401f4a:	mov    eax,DWORD PTR [rsp+rcx*1]
   0x401f4d:	add    dl,al
=> 0x401f4a:	mov    eax,DWORD PTR [rsp+rcx*1]
   0x401f4d:	add    dl,al
=> 0x401f4a:	mov    eax,DWORD PTR [rsp+rcx*1]
   0x401f4d:	add    dl,al
=> 0x401f4a:	mov    eax,DWORD PTR [rsp+rcx*1]
   0x401f4d:	add    dl,al
=> 0x401f4a:	mov    eax,DWORD PTR [rsp+rcx*1]
   0x401f4d:	add    dl,al
=> 0x401f4a:	mov    eax,DWORD PTR [rsp+rcx*1]
   0x401f4d:	add    dl,al
=> 0x401f4a:	mov    eax,DWORD PTR [rsp+rcx*1]
   0x401f4d:	add    dl,al
=> 0x401f4a:	mov    eax,DWORD PTR [rsp+rcx*1]
   0x401f4d:	add    dl,al
=> 0x401f4a:	mov    eax,DWORD PTR [rsp+rcx*1]
   0x401f4d:	add    dl,al
=> 0x401f4a:	mov    eax,DWORD PTR [rsp+rcx*1]
   0x401f4d:	add    dl,al
=> 0x401f4a:	mov    eax,DWORD PTR [rsp+rcx*1]
   0x401f4d:	add    dl,al
=> 0x401f4a:	mov    eax,DWORD PTR [rsp+rcx*1]
   0x401f4d:	add    dl,al
=> 0x401f4a:	mov    eax,DWORD PTR [rsp+rcx*1]
   0x401f4d:	add    dl,al
=> 0x401f4a:	mov    eax,DWORD PTR [rsp+rcx*1]
   0x401f4d:	add    dl,al
=> 0x401f4a:	mov    eax,DWORD PTR [rsp+rcx*1]
   0x401f4d:	add    dl,al
=> 0x401f4a:	mov    eax,DWORD PTR [rsp+rcx*1]
   0x401f4d:	add    dl,al
=> 0x401f4a:	mov    eax,DWORD PTR [rsp+rcx*1]
   0x401f4d:	add    dl,al
=> 0x401f4a:	mov    eax,DWORD PTR [rsp+rcx*1]
   0x401f4d:	add    dl,al
=> 0x401f4a:	mov    eax,DWORD PTR [rsp+rcx*1]
   0x401f4d:	add    dl,al
=> 0x401f4a:	mov    eax,DWORD PTR [rsp+rcx*1]
   0x401f4d:	add    dl,al
=> 0x401f4a:	mov    eax,DWORD PTR [rsp+rcx*1]
   0x401f4d:	add    dl,al
=> 0x401f4a:	mov    eax,DWORD PTR [rsp+rcx*1]
   0x401f4d:	add    dl,al
=> 0x401f4a:	mov    eax,DWORD PTR [rsp+rcx*1]
   0x401f4d:	add    dl,al
=> 0x401f4a:	mov    eax,DWORD PTR [rsp+rcx*1]
   0x401f4d:	add    dl,al
=> 0x401f4a:	mov    eax,DWORD PTR [rsp+rcx*1]
   0x401f4d:	add    dl,al
=> 0x401f4a:	mov    eax,DWORD PTR [rsp+rcx*1]
   0x401f4d:	add    dl,al
=> 0x401f4a:	mov    eax,DWORD PTR [rsp+rcx*1]
   0x401f4d:	add    dl,al
=> 0x401f4a:	mov    eax,DWORD PTR [rsp+rcx*1]
   0x401f4d:	add    dl,al
=> 0x401f4a:	mov    eax,DWORD PTR [rsp+rcx*1]
   0x401f4d:	add    dl,al
=> 0x401f4a:	mov    eax,DWORD PTR [rsp+rcx*1]
   0x401f4d:	add    dl,al
=> 0x401f4a:	mov    eax,DWORD PTR [rsp+rcx*1]
   0x401f4d:	add    dl,al
=> 0x401f4a:	mov    eax,DWORD PTR [rsp+rcx*1]
   0x401f4d:	add    dl,al
=> 0x401f4a:	mov    eax,DWORD PTR [rsp+rcx*1]
   0x401f4d:	add    dl,al
=> 0x401f4a:	mov    eax,DWORD PTR [rsp+rcx*1]
   0x401f4d:	add    dl,al
=> 0x401f4a:	mov    eax,DWORD PTR [rsp+rcx*1]
   0x401f4d:	add    dl,al
=> 0x401f4a:	mov    eax,DWORD PTR [rsp+rcx*1]
   0x401f4d:	add    dl,al
=> 0x401f4a:	mov    eax,DWORD PTR [rsp+rcx*1]
   0x401f4d:	add    dl,al
=> 0x401f4a:	mov    eax,DWORD PTR [rsp+rcx*1]
   0x401f4d:	add    dl,al
=> 0x401f4a:	mov    eax,DWORD PTR [rsp+rcx*1]
   0x401f4d:	add    dl,al
=> 0x401f4a:	mov    eax,DWORD PTR [rsp+rcx*1]
   0x401f4d:	add    dl,al
=> 0x401f4a:	mov    eax,DWORD PTR [rsp+rcx*1]
   0x401f4d:	add    dl,al
=> 0x401f4a:	mov    eax,DWORD PTR [rsp+rcx*1]
   0x401f4d:	add    dl,al
=> 0x401f4a:	mov    eax,DWORD PTR [rsp+rcx*1]
   0x401f4d:	add    dl,al
=> 0x401f4a:	mov    eax,DWORD PTR [rsp+rcx*1]
   0x401f4d:	add    dl,al
=> 0x401f4a:	mov    eax,DWORD PTR [rsp+rcx*1]
   0x401f4d:	add    dl,al
=> 0x401f4a:	mov    eax,DWORD PTR [rsp+rcx*1]
   0x401f4d:	add    dl,al
=> 0x401f4a:	mov    eax,DWORD PTR [rsp+rcx*1]
   0x401f4d:	add    dl,al
=> 0x401f4a:	mov    eax,DWORD PTR [rsp+rcx*1]
   0x401f4d:	add    dl,al
=> 0x401f4a:	mov    eax,DWORD PTR [rsp+rcx*1]
   0x401f4d:	add    dl,al
=> 0x401f4a:	mov    eax,DWORD PTR [rsp+rcx*1]
   0x401f4d:	add    dl,al
=> 0x401f4a:	mov    eax,DWORD PTR [rsp+rcx*1]
   0x401f4d:	add    dl,al
=> 0x401f4a:	mov    eax,DWORD PTR [rsp+rcx*1]
   0x401f4d:	add    dl,al
=> 0x401f4a:	mov    eax,DWORD PTR [rsp+rcx*1]
   0x401f4d:	add    dl,al
=> 0x401f4a:	mov    eax,DWORD PTR [rsp+rcx*1]
   0x401f4d:	add    dl,al
=> 0x401f4a:	mov    eax,DWORD PTR [rsp+rcx*1]
   0x401f4d:	add    dl,al
=> 0x401f4a:	mov    eax,DWORD PTR [rsp+rcx*1]
   0x401f4d:	add    dl,al
=> 0x401f4a:	mov    eax,DWORD PTR [rsp+rcx*1]
   0x401f4d:	add    dl,al
=> 0x401f4a:	mov    eax,DWORD PTR [rsp+rcx*1]
   0x401f4d:	add    dl,al
=> 0x401f4a:	mov    eax,DWORD PTR [rsp+rcx*1]
   0x401f4d:	add    dl,al
=> 0x401f4a:	mov    eax,DWORD PTR [rsp+rcx*1]
   0x401f4d:	add    dl,al
=> 0x401f4a:	mov    eax,DWORD PTR [rsp+rcx*1]
   0x401f4d:	add    dl,al
=> 0x401f4a:	mov    eax,DWORD PTR [rsp+rcx*1]
   0x401f4d:	add    dl,al
=> 0x401f4a:	mov    eax,DWORD PTR [rsp+rcx*1]
   0x401f4d:	add    dl,al
=> 0x401f4a:	mov    eax,DWORD PTR [rsp+rcx*1]
   0x401f4d:	add    dl,al
=> 0x401f4a:	mov    eax,DWORD PTR [rsp+rcx*1]
   0x401f4d:	add    dl,al
=> 0x401f4a:	mov    eax,DWORD PTR [rsp+rcx*1]
   0x401f4d:	add    dl,al
=> 0x401f4a:	mov    eax,DWORD PTR [rsp+rcx*1]
   0x401f4d:	add    dl,al
=> 0x401f4a:	mov    eax,DWORD PTR [rsp+rcx*1]
   0x401f4d:	add    dl,al
=> 0x401f4a:	mov    eax,DWORD PTR [rsp+rcx*1]
   0x401f4d:	add    dl,al
=> 0x401f4a:	mov    eax,DWORD PTR [rsp+rcx*1]
   0x401f4d:	add    dl,al
=> 0x401f4a:	mov    eax,DWORD PTR [rsp+rcx*1]
   0x401f4d:	add    dl,al
=> 0x401f4a:	mov    eax,DWORD PTR [rsp+rcx*1]
   0x401f4d:	add    dl,al
=> 0x401f4a:	mov    eax,DWORD PTR [rsp+rcx*1]
   0x401f4d:	add    dl,al
=> 0x401f4a:	mov    eax,DWORD PTR [rsp+rcx*1]
   0x401f4d:	add    dl,al
=> 0x401f4a:	mov    eax,DWORD PTR [rsp+rcx*1]
   0x401f4d:	add    dl,al
=> 0x401f4a:	mov    eax,DWORD PTR [rsp+rcx*1]
   0x401f4d:	add    dl,al
=> 0x401f4a:	mov    eax,DWORD PTR [rsp+rcx*1]
   0x401f4d:	add    dl,al
=> 0x401f4a:	mov    eax,DWORD PTR [rsp+rcx*1]
   0x401f4d:	add    dl,al
=> 0x401f4a:	mov    eax,DWORD PTR [rsp+rcx*1]
   0x401f4d:	add    dl,al
=> 0x401f4a:	mov    eax,DWORD PTR [rsp+rcx*1]
   0x401f4d:	add    dl,al
=> 0x401f4a:	mov    eax,DWORD PTR [rsp+rcx*1]
   0x401f4d:	add    dl,al
=> 0x401f4a:	mov    eax,DWORD PTR [rsp+rcx*1]
   0x401f4d:	add    dl,al
=> 0x401f4a:	mov    eax,DWORD PTR [rsp+rcx*1]
   0x401f4d:	add    dl,al
=> 0x401f4a:	mov    eax,DWORD PTR [rsp+rcx*1]
   0x401f4d:	add    dl,al
=> 0x401f4a:	mov    eax,DWORD PTR [rsp+rcx*1]
   0x401f4d:	add    dl,al
=> 0x401f4a:	mov    eax,DWORD PTR [rsp+rcx*1]
   0x401f4d:	add    dl,al
=> 0x401f4a:	mov    eax,DWORD PTR [rsp+rcx*1]
   0x401f4d:	add    dl,al
=> 0x401f4a:	mov    eax,DWORD PTR [rsp+rcx*1]
   0x401f4d:	add    dl,al
=> 0x401f4a:	mov    eax,DWORD PTR [rsp+rcx*1]
   0x401f4d:	add    dl,al
=> 0x401f4a:	mov    eax,DWORD PTR [rsp+rcx*1]
   0x401f4d:	add    dl,al
=> 0x401f4a:	mov    eax,DWORD PTR [rsp+rcx*1]
   0x401f4d:	add    dl,al
=> 0x401f4a:	mov    eax,DWORD PTR [rsp+rcx*1]
   0x401f4d:	add    dl,al
=> 0x401f4a:	mov    eax,DWORD PTR [rsp+rcx*1]
   0x401f4d:	add    dl,al
=> 0x401f4a:	mov    eax,DWORD PTR [rsp+rcx*1]
   0x401f4d:	add    dl,al
=> 0x401f4a:	mov    eax,DWORD PTR [rsp+rcx*1]
   0x401f4d:	add    dl,al
=> 0x401f4a:	mov    eax,DWORD PTR [rsp+rcx*1]
   0x401f4d:	add    dl,al
=> 0x401f4a:	mov    eax,DWORD PTR [rsp+rcx*1]
   0x401f4d:	add    dl,al
=> 0x401f4a:	mov    eax,DWORD PTR [rsp+rcx*1]
   0x401f4d:	add    dl,al
=> 0x401f4a:	mov    eax,DWORD PTR [rsp+rcx*1]
   0x401f4d:	add    dl,al
=> 0x401f4a:	mov    eax,DWORD PTR [rsp+rcx*1]
   0x401f4d:	add    dl,al
=> 0x401f4a:	mov    eax,DWORD PTR [rsp+rcx*1]
   0x401f4d:	add    dl,al
=> 0x401f4a:	mov    eax,DWORD PTR [rsp+rcx*1]
   0x401f4d:	add    dl,al
=> 0x401f4a:	mov    eax,DWORD PTR [rsp+rcx*1]
   0x401f4d:	add    dl,al
=> 0x401f4a:	mov    eax,DWORD PTR [rsp+rcx*1]
   0x401f4d:	add    dl,al
=> 0x401f4a:	mov    eax,DWORD PTR [rsp+rcx*1]
   0x401f4d:	add    dl,al
=> 0x401f4a:	mov    eax,DWORD PTR [rsp+rcx*1]
   0x401f4d:	add    dl,al
=> 0x401f4a:	mov    eax,DWORD PTR [rsp+rcx*1]
   0x401f4d:	add    dl,al
=> 0x401f4a:	mov    eax,DWORD PTR [rsp+rcx*1]
   0x401f4d:	add    dl,al
=> 0x401f4a:	mov    eax,DWORD PTR [rsp+rcx*1]
   0x401f4d:	add    dl,al
=> 0x401f4a:	mov    eax,DWORD PTR [rsp+rcx*1]
   0x401f4d:	add    dl,al
=> 0x401f4a:	mov    eax,DWORD PTR [rsp+rcx*1]
   0x401f4d:	add    dl,al
=> 0x401f4a:	mov    eax,DWORD PTR [rsp+rcx*1]
   0x401f4d:	add    dl,al
=> 0x401f4a:	mov    eax,DWORD PTR [rsp+rcx*1]
   0x401f4d:	add    dl,al
=> 0x401f4a:	mov    eax,DWORD PTR [rsp+rcx*1]
   0x401f4d:	add    dl,al
=> 0x401f4a:	mov    eax,DWORD PTR [rsp+rcx*1]
   0x401f4d:	add    dl,al
=> 0x401f4a:	mov    eax,DWORD PTR [rsp+rcx*1]
   0x401f4d:	add    dl,al
=> 0x401f4a:	mov    eax,DWORD PTR [rsp+rcx*1]
   0x401f4d:	add    dl,al
=> 0x401f4a:	mov    eax,DWORD PTR [rsp+rcx*1]
   0x401f4d:	add    dl,al
=> 0x401f4a:	mov    eax,DWORD PTR [rsp+rcx*1]
   0x401f4d:	add    dl,al
=> 0x401f4a:	mov    eax,DWORD PTR [rsp+rcx*1]
   0x401f4d:	add    dl,al
=> 0x401f4a:	mov    eax,DWORD PTR [rsp+rcx*1]
   0x401f4d:	add    dl,al
=> 0x401f4a:	mov    eax,DWORD PTR [rsp+rcx*1]
   0x401f4d:	add    dl,al
=> 0x401f4a:	mov    eax,DWORD PTR [rsp+rcx*1]
   0x401f4d:	add    dl,al
=> 0x401f4a:	mov    eax,DWORD PTR [rsp+rcx*1]
   0x401f4d:	add    dl,al
=> 0x401f4a:	mov    eax,DWORD PTR [rsp+rcx*1]
   0x401f4d:	add    dl,al
=> 0x401f4a:	mov    eax,DWORD PTR [rsp+rcx*1]
   0x401f4d:	add    dl,al
=> 0x401f4a:	mov    eax,DWORD PTR [rsp+rcx*1]
   0x401f4d:	add    dl,al
=> 0x401f4a:	mov    eax,DWORD PTR [rsp+rcx*1]
   0x401f4d:	add    dl,al
=> 0x401f4a:	mov    eax,DWORD PTR [rsp+rcx*1]
   0x401f4d:	add    dl,al
=> 0x401f4a:	mov    eax,DWORD PTR [rsp+rcx*1]
   0x401f4d:	add    dl,al
=> 0x401f4a:	mov    eax,DWORD PTR [rsp+rcx*1]
   0x401f4d:	add    dl,al
=> 0x401f4a:	mov    eax,DWORD PTR [rsp+rcx*1]
   0x401f4d:	add    dl,al
=> 0x401f4a:	mov    eax,DWORD PTR [rsp+rcx*1]
   0x401f4d:	add    dl,al
=> 0x401f4a:	mov    eax,DWORD PTR [rsp+rcx*1]
   0x401f4d:	add    dl,al
=> 0x401f4a:	mov    eax,DWORD PTR [rsp+rcx*1]
   0x401f4d:	add    dl,al
=> 0x401f4a:	mov    eax,DWORD PTR [rsp+rcx*1]
   0x401f4d:	add    dl,al
=> 0x401f4a:	mov    eax,DWORD PTR [rsp+rcx*1]
   0x401f4d:	add    dl,al
=> 0x401f4a:	mov    eax,DWORD PTR [rsp+rcx*1]
   0x401f4d:	add    dl,al
=> 0x401f4a:	mov    eax,DWORD PTR [rsp+rcx*1]
   0x401f4d:	add    dl,al
=> 0x401f4a:	mov    eax,DWORD PTR [rsp+rcx*1]
   0x401f4d:	add    dl,al
=> 0x401f4a:	mov    eax,DWORD PTR [rsp+rcx*1]
   0x401f4d:	add    dl,al
=> 0x401f4a:	mov    eax,DWORD PTR [rsp+rcx*1]
   0x401f4d:	add    dl,al
=> 0x401f4a:	mov    eax,DWORD PTR [rsp+rcx*1]
   0x401f4d:	add    dl,al
=> 0x401f4a:	mov    eax,DWORD PTR [rsp+rcx*1]
   0x401f4d:	add    dl,al
=> 0x401f4a:	mov    eax,DWORD PTR [rsp+rcx*1]
   0x401f4d:	add    dl,al
=> 0x401f4a:	mov    eax,DWORD PTR [rsp+rcx*1]
   0x401f4d:	add    dl,al
=> 0x401f4a:	mov    eax,DWORD PTR [rsp+rcx*1]
   0x401f4d:	add    dl,al
=> 0x401f4a:	mov    eax,DWORD PTR [rsp+rcx*1]
   0x401f4d:	add    dl,al
=> 0x401f4a:	mov    eax,DWORD PTR [rsp+rcx*1]
   0x401f4d:	add    dl,al
=> 0x401f4a:	mov    eax,DWORD PTR [rsp+rcx*1]
   0x401f4d:	add    dl,al
=> 0x401f4a:	mov    eax,DWORD PTR [rsp+rcx*1]
   0x401f4d:	add    dl,al
=> 0x401f4a:	mov    eax,DWORD PTR [rsp+rcx*1]
   0x401f4d:	add    dl,al
=> 0x401f4a:	mov    eax,DWORD PTR [rsp+rcx*1]
   0x401f4d:	add    dl,al
=> 0x401f4a:	mov    eax,DWORD PTR [rsp+rcx*1]
   0x401f4d:	add    dl,al
=> 0x401f4a:	mov    eax,DWORD PTR [rsp+rcx*1]
   0x401f4d:	add    dl,al
=> 0x401f4a:	mov    eax,DWORD PTR [rsp+rcx*1]
   0x401f4d:	add    dl,al
=> 0x401f4a:	mov    eax,DWORD PTR [rsp+rcx*1]
   0x401f4d:	add    dl,al
=> 0x401f4a:	mov    eax,DWORD PTR [rsp+rcx*1]
   0x401f4d:	add    dl,al
=> 0x401f4a:	mov    eax,DWORD PTR [rsp+rcx*1]
   0x401f4d:	add    dl,al
=> 0x401f4a:	mov    eax,DWORD PTR [rsp+rcx*1]
   0x401f4d:	add    dl,al
=> 0x401f4a:	mov    eax,DWORD PTR [rsp+rcx*1]
   0x401f4d:	add    dl,al
=> 0x401f4a:	mov    eax,DWORD PTR [rsp+rcx*1]
   0x401f4d:	add    dl,al
=> 0x401f4a:	mov    eax,DWORD PTR [rsp+rcx*1]
   0x401f4d:	add    dl,al
=> 0x401f4a:	mov    eax,DWORD PTR [rsp+rcx*1]
   0x401f4d:	add    dl,al
=> 0x401f4a:	mov    eax,DWORD PTR [rsp+rcx*1]
   0x401f4d:	add    dl,al
=> 0x401f4a:	mov    eax,DWORD PTR [rsp+rcx*1]
   0x401f4d:	add    dl,al
=> 0x401f4a:	mov    eax,DWORD PTR [rsp+rcx*1]
   0x401f4d:	add    dl,al
=> 0x401f4a:	mov    eax,DWORD PTR [rsp+rcx*1]
   0x401f4d:	add    dl,al
=> 0x401f4a:	mov    eax,DWORD PTR [rsp+rcx*1]
   0x401f4d:	add    dl,al
=> 0x401f4a:	mov    eax,DWORD PTR [rsp+rcx*1]
   0x401f4d:	add    dl,al
=> 0x401f4a:	mov    eax,DWORD PTR [rsp+rcx*1]
   0x401f4d:	add    dl,al
=> 0x401f4a:	mov    eax,DWORD PTR [rsp+rcx*1]
   0x401f4d:	add    dl,al
=> 0x401f4a:	mov    eax,DWORD PTR [rsp+rcx*1]
   0x401f4d:	add    dl,al
=> 0x401f4a:	mov    eax,DWORD PTR [rsp+rcx*1]
   0x401f4d:	add    dl,al
=> 0x401f4a:	mov    eax,DWORD PTR [rsp+rcx*1]
   0x401f4d:	add    dl,al
=> 0x401f4a:	mov    eax,DWORD PTR [rsp+rcx*1]
   0x401f4d:	add    dl,al
=> 0x401f4a:	mov    eax,DWORD PTR [rsp+rcx*1]
   0x401f4d:	add    dl,al
=> 0x401f4a:	mov    eax,DWORD PTR [rsp+rcx*1]
   0x401f4d:	add    dl,al
=> 0x401f4a:	mov    eax,DWORD PTR [rsp+rcx*1]
   0x401f4d:	add    dl,al
=> 0x401f4a:	mov    eax,DWORD PTR [rsp+rcx*1]
   0x401f4d:	add    dl,al
=> 0x401f4a:	mov    eax,DWORD PTR [rsp+rcx*1]
   0x401f4d:	add    dl,al
=> 0x401f4a:	mov    eax,DWORD PTR [rsp+rcx*1]
   0x401f4d:	add    dl,al
=> 0x401f4a:	mov    eax,DWORD PTR [rsp+rcx*1]
   0x401f4d:	add    dl,al
=> 0x401f4a:	mov    eax,DWORD PTR [rsp+rcx*1]
   0x401f4d:	add    dl,al
=> 0x401f4a:	mov    eax,DWORD PTR [rsp+rcx*1]
   0x401f4d:	add    dl,al
=> 0x401f4a:	mov    eax,DWORD PTR [rsp+rcx*1]
   0x401f4d:	add    dl,al
=> 0x401f4a:	mov    eax,DWORD PTR [rsp+rcx*1]
   0x401f4d:	add    dl,al
=> 0x401f4a:	mov    eax,DWORD PTR [rsp+rcx*1]
   0x401f4d:	add    dl,al
=> 0x401f4a:	mov    eax,DWORD PTR [rsp+rcx*1]
   0x401f4d:	add    dl,al
=> 0x401f4a:	mov    eax,DWORD PTR [rsp+rcx*1]
   0x401f4d:	add    dl,al
=> 0x401f4a:	mov    eax,DWORD PTR [rsp+rcx*1]
   0x401f4d:	add    dl,al
=> 0x401f4a:	mov    eax,DWORD PTR [rsp+rcx*1]
   0x401f4d:	add    dl,al
=> 0x401f4a:	mov    eax,DWORD PTR [rsp+rcx*1]
   0x401f4d:	add    dl,al
=> 0x401f4a:	mov    eax,DWORD PTR [rsp+rcx*1]
   0x401f4d:	add    dl,al
=> 0x401f4a:	mov    eax,DWORD PTR [rsp+rcx*1]
   0x401f4d:	add    dl,al
=> 0x401f4a:	mov    eax,DWORD PTR [rsp+rcx*1]
   0x401f4d:	add    dl,al
=> 0x401f4a:	mov    eax,DWORD PTR [rsp+rcx*1]
   0x401f4d:	add    dl,al
=> 0x401f4a:	mov    eax,DWORD PTR [rsp+rcx*1]
   0x401f4d:	add    dl,al
=> 0x401f4a:	mov    eax,DWORD PTR [rsp+rcx*1]
   0x401f4d:	add    dl,al
=> 0x401f4a:	mov    eax,DWORD PTR [rsp+rcx*1]
   0x401f4d:	add    dl,al
=> 0x401f4a:	mov    eax,DWORD PTR [rsp+rcx*1]
   0x401f4d:	add    dl,al
=> 0x401f4a:	mov    eax,DWORD PTR [rsp+rcx*1]
   0x401f4d:	add    dl,al
=> 0x401f4a:	mov    eax,DWORD PTR [rsp+rcx*1]
   0x401f4d:	add    dl,al
=> 0x401f4a:	mov    eax,DWORD PTR [rsp+rcx*1]
   0x401f4d:	add    dl,al
=> 0x401f4a:	mov    eax,DWORD PTR [rsp+rcx*1]
   0x401f4d:	add    dl,al
=> 0x401f4a:	mov    eax,DWORD PTR [rsp+rcx*1]
   0x401f4d:	add    dl,al
=> 0x401f4a:	mov    eax,DWORD PTR [rsp+rcx*1]
   0x401f4d:	add    dl,al

Program received signal SIGILL, Illegal instruction.
0x0000000000401050 in _start ()
Warning: 'set logging off', an alias for the command 'set logging enabled', is deprecated.
Use 'set logging enabled off'.

Continuing.
ecx            0x1                 1
rsi            0x40116e            4198766
ecx            0x2                 2
rsi            0x4011ba            4198842
ecx            0x3                 3
rsi            0x4011dc            4198876
ecx            0x4                 4
rsi            0x40121d            4198941
ecx            0x5                 5
rsi            0x401256            4198998
ecx            0x6                 6
rsi            0x401268            4199016
ecx            0x7                 7
rsi            0x40128c            4199052
ecx            0x8                 8
rsi            0x401294            4199060
ecx            0x0                 0
rsi            0x4012dc            4199132
ecx            0x8                 8
rsi            0x4012dc            4199132
ecx            0x9                 9
rsi            0x4012dc            4199132
ecx            0x1                 1
rsi            0x401358            4199256
ecx            0x9                 9
rsi            0x401358            4199256
ecx            0xa                 10
rsi            0x401358            4199256
ecx            0x2                 2
rsi            0x40135b            4199259
ecx            0xa                 10
rsi            0x40135b            4199259
ecx            0xb                 11
rsi            0x40135b            4199259
ecx            0x3                 3
rsi            0x40137d            4199293
ecx            0xb                 11
rsi            0x40137d            4199293
ecx            0xc                 12
rsi            0x40137d            4199293
ecx            0x4                 4
rsi            0x401386            4199302
ecx            0xc                 12
rsi            0x401386            4199302
ecx            0xd                 13
rsi            0x401386            4199302
ecx            0x5                 5
rsi            0x401393            4199315
ecx            0xd                 13
rsi            0x401393            4199315
ecx            0xe                 14
rsi            0x401393            4199315
ecx            0x6                 6
rsi            0x4013d4            4199380
ecx            0xe                 14
rsi            0x4013d4            4199380
ecx            0xf                 15
rsi            0x4013d4            4199380
ecx            0x7                 7
rsi            0x4013e4            4199396
ecx            0xf                 15
rsi            0x4013e4            4199396
ecx            0x10                16
rsi            0x4013e4            4199396
ecx            0x0                 0
rsi            0x4013f1            4199409
ecx            0x10                16
rsi            0x4013f1            4199409
ecx            0x11                17
rsi            0x4013f1            4199409
ecx            0x1                 1
rsi            0x4013fe            4199422
ecx            0x11                17
rsi            0x4013fe            4199422
ecx            0x12                18
rsi            0x4013fe            4199422
ecx            0x2                 2
rsi            0x401419            4199449
ecx            0x12                18
rsi            0x401419            4199449
ecx            0x13                19
rsi            0x401419            4199449
ecx            0x3                 3
rsi            0x401480            4199552
ecx            0x13                19
rsi            0x401480            4199552
ecx            0x14                20
rsi            0x401480            4199552
ecx            0x15                21
rsi            0x40149b            4199579
ecx            0x5                 5
rsi            0x4014bf            4199615
ecx            0x15                21
rsi            0x4014bf            4199615
ecx            0x16                22
rsi            0x4014bf            4199615
ecx            0x17                23
rsi            0x4014fb            4199675
ecx            0x7                 7
rsi            0x40150e            4199694
ecx            0x17                23
rsi            0x40150e            4199694
ecx            0x18                24
rsi            0x40150e            4199694
ecx            0x0                 0
rsi            0x401572            4199794
ecx            0x18                24
rsi            0x401572            4199794
ecx            0x19                25
rsi            0x401572            4199794
ecx            0x1                 1
rsi            0x401596            4199830
ecx            0x19                25
rsi            0x401596            4199830
ecx            0x1a                26
rsi            0x401596            4199830
ecx            0x2                 2
rsi            0x40159e            4199838
ecx            0x1a                26
rsi            0x40159e            4199838
ecx            0x1b                27
rsi            0x40159e            4199838
ecx            0x1c                28
rsi            0x4015d6            4199894
ecx            0x4                 4
rsi            0x40161b            4199963
ecx            0x1c                28
rsi            0x40161b            4199963
ecx            0x1d                29
rsi            0x40161b            4199963
ecx            0x5                 5
rsi            0x401652            4200018
ecx            0x1d                29
rsi            0x401652            4200018
ecx            0x1e                30
rsi            0x401652            4200018
ecx            0x6                 6
rsi            0x40165f            4200031
ecx            0x1e                30
rsi            0x40165f            4200031
ecx            0x1f                31
rsi            0x40165f            4200031
ecx            0x7                 7
rsi            0x4016ab            4200107
ecx            0x1f                31
rsi            0x4016ab            4200107
ecx            0x20                32
rsi            0x4016ab            4200107
ecx            0x0                 0
rsi            0x4016e3            4200163
ecx            0x20                32
rsi            0x4016e3            4200163
ecx            0x21                33
rsi            0x4016e3            4200163
ecx            0x1                 1
rsi            0x40171a            4200218
ecx            0x21                33
rsi            0x40171a            4200218
ecx            0x22                34
rsi            0x40171a            4200218
ecx            0x2                 2
rsi            0x401746            4200262
ecx            0x22                34
rsi            0x401746            4200262
ecx            0x23                35
rsi            0x401746            4200262
ecx            0x3                 3
rsi            0x40177b            4200315
ecx            0x23                35
rsi            0x40177b            4200315
ecx            0x24                36
rsi            0x40177b            4200315
ecx            0x4                 4
rsi            0x401788            4200328
ecx            0x24                36
rsi            0x401788            4200328
ecx            0x25                37
rsi            0x401788            4200328
ecx            0x5                 5
rsi            0x4017a3            4200355
ecx            0x25                37
rsi            0x4017a3            4200355
ecx            0x26                38
rsi            0x4017a3            4200355
ecx            0x6                 6
rsi            0x4017c6            4200390
ecx            0x26                38
rsi            0x4017c6            4200390
ecx            0x27                39
rsi            0x4017c6            4200390
ecx            0x7                 7
rsi            0x401832            4200498
ecx            0x27                39
rsi            0x401832            4200498
ecx            0x28                40
rsi            0x401832            4200498
ecx            0x0                 0
rsi            0x40184d            4200525
ecx            0x28                40
rsi            0x40184d            4200525
ecx            0x29                41
rsi            0x40184d            4200525
ecx            0x1                 1
rsi            0x40187d            4200573
ecx            0x29                41
rsi            0x40187d            4200573
ecx            0x2a                42
rsi            0x40187d            4200573
ecx            0x2                 2
rsi            0x4018b2            4200626
ecx            0x2a                42
rsi            0x4018b2            4200626
ecx            0x2b                43
rsi            0x4018b2            4200626
ecx            0x3                 3
rsi            0x4018db            4200667
ecx            0x2b                43
rsi            0x4018db            4200667
ecx            0x2c                44
rsi            0x4018db            4200667
ecx            0x4                 4
rsi            0x40192c            4200748
ecx            0x2c                44
rsi            0x40192c            4200748
ecx            0x2d                45
rsi            0x40192c            4200748
ecx            0x5                 5
rsi            0x401942            4200770
ecx            0x2d                45
rsi            0x401942            4200770
ecx            0x2e                46
rsi            0x401942            4200770
ecx            0x6                 6
rsi            0x401952            4200786
ecx            0x2e                46
rsi            0x401952            4200786
ecx            0x2f                47
rsi            0x401952            4200786
ecx            0x7                 7
rsi            0x40195f            4200799
ecx            0x2f                47
rsi            0x40195f            4200799
ecx            0x30                48
rsi            0x40195f            4200799
ecx            0x31                49
rsi            0x401988            4200840
ecx            0x1                 1
rsi            0x4019b9            4200889
ecx            0x31                49
rsi            0x4019b9            4200889
ecx            0x32                50
rsi            0x4019b9            4200889
ecx            0x2                 2
rsi            0x4019ee            4200942
ecx            0x32                50
rsi            0x4019ee            4200942
ecx            0x33                51
rsi            0x4019ee            4200942
ecx            0x3                 3
rsi            0x401a17            4200983
ecx            0x33                51
rsi            0x401a17            4200983
ecx            0x34                52
rsi            0x401a17            4200983
ecx            0x4                 4
rsi            0x401a3b            4201019
ecx            0x34                52
rsi            0x401a3b            4201019
ecx            0x35                53
rsi            0x401a3b            4201019
ecx            0x5                 5
rsi            0x401a43            4201027
ecx            0x35                53
rsi            0x401a43            4201027
ecx            0x36                54
rsi            0x401a43            4201027
ecx            0x6                 6
rsi            0x401a46            4201030
ecx            0x36                54
rsi            0x401a46            4201030
ecx            0x37                55
rsi            0x401a46            4201030
ecx            0x7                 7
rsi            0x401a7b            4201083
ecx            0x37                55
rsi            0x401a7b            4201083
ecx            0x38                56
rsi            0x401a7b            4201083
ecx            0x39                57
rsi            0x401abb            4201147
ecx            0x3a                58
rsi            0x401aef            4201199
ecx            0x2                 2
rsi            0x401af7            4201207
ecx            0x3a                58
rsi            0x401af7            4201207
ecx            0x3b                59
rsi            0x401af7            4201207
ecx            0x3                 3
rsi            0x401b3a            4201274
ecx            0x3b                59
rsi            0x401b3a            4201274
ecx            0x3c                60
rsi            0x401b3a            4201274
ecx            0x4                 4
rsi            0x401bb2            4201394
ecx            0x3c                60
rsi            0x401bb2            4201394
ecx            0x3d                61
rsi            0x401bb2            4201394
ecx            0x3e                62
rsi            0x401bb5            4201397
ecx            0x3f                63
rsi            0x401bf5            4201461
ecx            0x7                 7
rsi            0x401cbf            4201663
ecx            0x3f                63
rsi            0x401cbf            4201663
ecx            0x40                64
rsi            0x401cbf            4201663
ecx            0x0                 0
rsi            0x401cf0            4201712
ecx            0x40                64
rsi            0x401cf0            4201712
ecx            0x41                65
rsi            0x401cf0            4201712
ecx            0x1                 1
rsi            0x401d25            4201765
ecx            0x41                65
rsi            0x401d25            4201765
ecx            0x42                66
rsi            0x401d25            4201765
ecx            0x2                 2
rsi            0x401d29            4201769
ecx            0x42                66
rsi            0x401d29            4201769
ecx            0x43                67
rsi            0x401d29            4201769
ecx            0x44                68
rsi            0x401d5f            4201823
ecx            0x4                 4
rsi            0x401d91            4201873
ecx            0x44                68
rsi            0x401d91            4201873
ecx            0x45                69
rsi            0x401d91            4201873
ecx            0x46                70
rsi            0x401de7            4201959
ecx            0x47                71
rsi            0x401e06            4201990
ecx            0x7                 7
rsi            0x401e1a            4202010
ecx            0x47                71
rsi            0x401e1a            4202010
ecx            0x48                72
rsi            0x401e1a            4202010
ecx            0x49                73
rsi            0x401e1d            4202013
ecx            0x4a                74
rsi            0x401e36            4202038
ecx            0x4b                75
rsi            0x401e64            4202084
ecx            0x4c                76
rsi            0x401eb1            4202161
ecx            0x4                 4
rsi            0x401ed3            4202195
ecx            0x4c                76
rsi            0x401ed3            4202195
ecx            0x4d                77
rsi            0x401ed3            4202195
ecx            0x4e                78
rsi            0x401f09            4202249
ecx            0x4f                79
rsi            0x401f0d            4202253
ecx            0x50                80
rsi            0x401f16            4202262
ecx            0x0                 0
rsi            0x401f20            4202272
ecx            0x50                80
rsi            0x401f20            4202272
ecx            0x51                81
rsi            0x401f20            4202272
ecx            0x1                 1
rsi            0x401f35            4202293
ecx            0x51                81
rsi            0x401f35            4202293
ecx            0x52                82
rsi            0x401f35            4202293
ecx            0x53                83
rsi            0x401f3e            4202302
ecx            0x3                 3
rsi            0x401f53            4202323
ecx            0x53                83
rsi            0x401f53            4202323
ecx            0x54                84
rsi            0x401f53            4202323

Program received signal SIGINT, Interrupt.
0x0000000000401f53 in ?? ()
=> 0x401f53:	mov    eax,DWORD PTR [rsp+rcx*1]
   0x401f56:	add    dl,al
   0x401f58:	xchg   BYTE PTR [rsp+rdx*1],al
   0x401f5b:	mov    BYTE PTR [rsp+rcx*1],al
   0x401f5e:	add    al,BYTE PTR [rsp+rdx*1]
   0x401f61:	and    eax,0xff
   0x401f67:	movzx  eax,BYTE PTR [rsp+rax*1]
   0x401f6b:	xor    BYTE PTR [rbx+rdi*1],al
   0x401f6e:	inc    rbx
   0x401f71:	cmp    ebx,0x161
   0x401f77:	jl     0x401f51
   0x401f79:	add    rsp,0x100
   0x401f80:	add    rsp,0x10
   0x401f87:	pop    rdx
   0x401f88:	pop    rbp
   0x401f89:	jmp    0x401050 <_start>
   0x401f8e:	rex.RX sub r12b,BYTE PTR [rbx+0x6b]
   0x401f92:	and    BYTE PTR [rcx+0x6f],bh
   0x401f95:	jne    0x401fa1
   0x401f97:	cs cs cs cs push rdi
   0x401f9c:	rex.WRXB
   0x401f9d:	rex.WRXB
   0x401f9e:	rex.R pop rcx
   0x401fa0:	cs cs cs cs or dh,BYTE PTR [rbp+0x3a]
   0x401fa7:	(bad)  
   0x401fa8:	in     al,0xf9
   0x401faa:	leave  
   0x401fab:	movs   BYTE PTR es:[rdi],BYTE PTR ds:[rsi]
   0x401fac:	rex.WB leave 
   0x401fae:	mov    ecx,0xa91e6960
   0x401fb3:	test   DWORD PTR [rcx+0x0],0x0
   0x401fbd:	add    BYTE PTR [rax],al
   0x401fbf:	add    BYTE PTR [rax],al
   0x401fc1:	add    BYTE PTR [rax],al
   0x401fc3:	add    BYTE PTR [rax],al
   0x401fc5:	add    BYTE PTR [rax],al
   0x401fc7:	add    BYTE PTR [rax],al
   0x401fc9:	add    BYTE PTR [rax],al
   0x401fcb:	add    BYTE PTR [rax],al
   0x401fcd:	add    BYTE PTR [rax],al
   0x401fcf:	add    BYTE PTR [rax],al
   0x401fd1:	add    BYTE PTR [rax],al
   0x401fd3:	add    BYTE PTR [rax],al
   0x401fd5:	add    BYTE PTR [rax],al
   0x401fd7:	add    BYTE PTR [rax],al
   0x401fd9:	add    BYTE PTR [rax],al
   0x401fdb:	add    BYTE PTR [rax],al
   0x401fdd:	add    BYTE PTR [rax],al
   0x401fdf:	add    BYTE PTR [rax],al
   0x401fe1:	add    BYTE PTR [rax],al
Warning: 'set logging off', an alias for the command 'set logging enabled', is deprecated.
Use 'set logging enabled off'.

Continuing.
ecx            0x0                 0
rsi            0x401f97            4202391

ecx            0x1                 1
rsi            0x40116e            4198766

ecx            0x2                 2
rsi            0x4011ba            4198842

ecx            0x3                 3
rsi            0x4011dc            4198876

ecx            0x4                 4
rsi            0x40121d            4198941

ecx            0x5                 5
rsi            0x401256            4198998

ecx            0x6                 6
rsi            0x401268            4199016

ecx            0x7                 7
rsi            0x40128c            4199052

ecx            0x8                 8
rsi            0x401294            4199060

ecx            0x0                 0
rsi            0x4012dc            4199132

ecx            0x8                 8
rsi            0x4012dc            4199132

ecx            0x9                 9
rsi            0x4012dc            4199132

ecx            0x1                 1
rsi            0x401358            4199256

ecx            0x9                 9
rsi            0x401358            4199256

ecx            0xa                 10
rsi            0x401358            4199256

ecx            0x2                 2
rsi            0x40135b            4199259

ecx            0xa                 10
rsi            0x40135b            4199259

ecx            0xb                 11
rsi            0x40135b            4199259

ecx            0x3                 3
rsi            0x40137d            4199293

ecx            0xb                 11
rsi            0x40137d            4199293

ecx            0xc                 12
rsi            0x40137d            4199293

ecx            0x4                 4
rsi            0x401386            4199302

ecx            0xc                 12
rsi            0x401386            4199302

ecx            0xd                 13
rsi            0x401386            4199302

ecx            0x5                 5
rsi            0x401393            4199315

ecx            0xd                 13
rsi            0x401393            4199315

ecx            0xe                 14
rsi            0x401393            4199315

ecx            0x6                 6
rsi            0x4013d4            4199380

ecx            0xe                 14
rsi            0x4013d4            4199380

ecx            0xf                 15
rsi            0x4013d4            4199380

ecx            0x7                 7
rsi            0x4013e4            4199396

ecx            0xf                 15
rsi            0x4013e4            4199396

ecx            0x10                16
rsi            0x4013e4            4199396

ecx            0x0                 0
rsi            0x4013f1            4199409

ecx            0x10                16
rsi            0x4013f1            4199409

ecx            0x11                17
rsi            0x4013f1            4199409

ecx            0x1                 1
rsi            0x4013fe            4199422

ecx            0x11                17
rsi            0x4013fe            4199422

ecx            0x12                18
rsi            0x4013fe            4199422

ecx            0x2                 2
rsi            0x401419            4199449

ecx            0x12                18
rsi            0x401419            4199449

ecx            0x13                19
rsi            0x401419            4199449

ecx            0x3                 3
rsi            0x401480            4199552

ecx            0x13                19
rsi            0x401480            4199552

ecx            0x14                20
rsi            0x401480            4199552

ecx            0x15                21
rsi            0x40149b            4199579

ecx            0x5                 5
rsi            0x4014bf            4199615

ecx            0x15                21
rsi            0x4014bf            4199615

ecx            0x16                22
rsi            0x4014bf            4199615

ecx            0x17                23
rsi            0x4014fb            4199675

ecx            0x7                 7
rsi            0x40150e            4199694

ecx            0x17                23
rsi            0x40150e            4199694

ecx            0x18                24
rsi            0x40150e            4199694

ecx            0x0                 0
rsi            0x401572            4199794

ecx            0x18                24
rsi            0x401572            4199794

ecx            0x19                25
rsi            0x401572            4199794

ecx            0x1                 1
rsi            0x401596            4199830

ecx            0x19                25
rsi            0x401596            4199830

ecx            0x1a                26
rsi            0x401596            4199830

ecx            0x2                 2
rsi            0x40159e            4199838

ecx            0x1a                26
rsi            0x40159e            4199838

ecx            0x1b                27
rsi            0x40159e            4199838

ecx            0x1c                28
rsi            0x4015d6            4199894

ecx            0x4                 4
rsi            0x40161b            4199963

ecx            0x1c                28
rsi            0x40161b            4199963

ecx            0x1d                29
rsi            0x40161b            4199963

ecx            0x5                 5
rsi            0x401652            4200018

ecx            0x1d                29
rsi            0x401652            4200018

ecx            0x1e                30
rsi            0x401652            4200018

ecx            0x6                 6
rsi            0x40165f            4200031

ecx            0x1e                30
rsi            0x40165f            4200031

ecx            0x1f                31
rsi            0x40165f            4200031

ecx            0x7                 7
rsi            0x4016ab            4200107

ecx            0x1f                31
rsi            0x4016ab            4200107

ecx            0x20                32
rsi            0x4016ab            4200107

ecx            0x0                 0
rsi            0x4016e3            4200163

ecx            0x20                32
rsi            0x4016e3            4200163

ecx            0x21                33
rsi            0x4016e3            4200163

ecx            0x1                 1
rsi            0x40171a            4200218

ecx            0x21                33
rsi            0x40171a            4200218

ecx            0x22                34
rsi            0x40171a            4200218

ecx            0x2                 2
rsi            0x401746            4200262

ecx            0x22                34
rsi            0x401746            4200262

ecx            0x23                35
rsi            0x401746            4200262

ecx            0x3                 3
rsi            0x40177b            4200315

ecx            0x23                35
rsi            0x40177b            4200315

ecx            0x24                36
rsi            0x40177b            4200315

ecx            0x4                 4
rsi            0x401788            4200328

ecx            0x24                36
rsi            0x401788            4200328

ecx            0x25                37
rsi            0x401788            4200328

ecx            0x5                 5
rsi            0x4017a3            4200355

ecx            0x25                37
rsi            0x4017a3            4200355

ecx            0x26                38
rsi            0x4017a3            4200355

ecx            0x6                 6
rsi            0x4017c6            4200390

ecx            0x26                38
rsi            0x4017c6            4200390

ecx            0x27                39
rsi            0x4017c6            4200390

ecx            0x7                 7
rsi            0x401832            4200498

ecx            0x27                39
rsi            0x401832            4200498

ecx            0x28                40
rsi            0x401832            4200498

ecx            0x0                 0
rsi            0x40184d            4200525

ecx            0x28                40
rsi            0x40184d            4200525

ecx            0x29                41
rsi            0x40184d            4200525

ecx            0x1                 1
rsi            0x40187d            4200573

ecx            0x29                41
rsi            0x40187d            4200573

ecx            0x2a                42
rsi            0x40187d            4200573

ecx            0x2                 2
rsi            0x4018b2            4200626

ecx            0x2a                42
rsi            0x4018b2            4200626

ecx            0x2b                43
rsi            0x4018b2            4200626

ecx            0x3                 3
rsi            0x4018db            4200667

ecx            0x2b                43
rsi            0x4018db            4200667

ecx            0x2c                44
rsi            0x4018db            4200667

ecx            0x4                 4
rsi            0x40192c            4200748

ecx            0x2c                44
rsi            0x40192c            4200748

ecx            0x2d                45
rsi            0x40192c            4200748

ecx            0x5                 5
rsi            0x401942            4200770

ecx            0x2d                45
rsi            0x401942            4200770

ecx            0x2e                46
rsi            0x401942            4200770

ecx            0x6                 6
rsi            0x401952            4200786

ecx            0x2e                46
rsi            0x401952            4200786

ecx            0x2f                47
rsi            0x401952            4200786

ecx            0x7                 7
rsi            0x40195f            4200799

ecx            0x2f                47
rsi            0x40195f            4200799

ecx            0x30                48
rsi            0x40195f            4200799

ecx            0x31                49
rsi            0x401988            4200840

ecx            0x1                 1
rsi            0x4019b9            4200889

ecx            0x31                49
rsi            0x4019b9            4200889

ecx            0x32                50
rsi            0x4019b9            4200889

ecx            0x2                 2
rsi            0x4019ee            4200942

ecx            0x32                50
rsi            0x4019ee            4200942

ecx            0x33                51
rsi            0x4019ee            4200942

ecx            0x3                 3
rsi            0x401a17            4200983

ecx            0x33                51
rsi            0x401a17            4200983

ecx            0x34                52
rsi            0x401a17            4200983

ecx            0x4                 4
rsi            0x401a3b            4201019

ecx            0x34                52
rsi            0x401a3b            4201019

ecx            0x35                53
rsi            0x401a3b            4201019

ecx            0x5                 5
rsi            0x401a43            4201027

ecx            0x35                53
rsi            0x401a43            4201027

ecx            0x36                54
rsi            0x401a43            4201027

ecx            0x6                 6
rsi            0x401a46            4201030

ecx            0x36                54
rsi            0x401a46            4201030

ecx            0x37                55
rsi            0x401a46            4201030

ecx            0x7                 7
rsi            0x401a7b            4201083

ecx            0x37                55
rsi            0x401a7b            4201083

ecx            0x38                56
rsi            0x401a7b            4201083

ecx            0x39                57
rsi            0x401abb            4201147

ecx            0x3a                58
rsi            0x401aef            4201199

ecx            0x2                 2
rsi            0x401af7            4201207

ecx            0x3a                58
rsi            0x401af7            4201207

ecx            0x3b                59
rsi            0x401af7            4201207

ecx            0x3                 3
rsi            0x401b3a            4201274

ecx            0x3b                59
rsi            0x401b3a            4201274

ecx            0x3c                60
rsi            0x401b3a            4201274

ecx            0x4                 4
rsi            0x401bb2            4201394

ecx            0x3c                60
rsi            0x401bb2            4201394

ecx            0x3d                61
rsi            0x401bb2            4201394

ecx            0x3e                62
rsi            0x401bb5            4201397

ecx            0x3f                63
rsi            0x401bf5            4201461

ecx            0x7                 7
rsi            0x401cbf            4201663

ecx            0x3f                63
rsi            0x401cbf            4201663

ecx            0x40                64
rsi            0x401cbf            4201663

ecx            0x0                 0
rsi            0x401cf0            4201712

ecx            0x40                64
rsi            0x401cf0            4201712

ecx            0x41                65
rsi            0x401cf0            4201712

ecx            0x1                 1
rsi            0x401d25            4201765

ecx            0x41                65
rsi            0x401d25            4201765

ecx            0x42                66
rsi            0x401d25            4201765

ecx            0x2                 2
rsi            0x401d29            4201769

ecx            0x42                66
rsi            0x401d29            4201769

ecx            0x43                67
rsi            0x401d29            4201769

ecx            0x44                68
rsi            0x401d5f            4201823

ecx            0x4                 4
rsi            0x401d91            4201873

ecx            0x44                68
rsi            0x401d91            4201873

ecx            0x45                69
rsi            0x401d91            4201873

ecx            0x46                70
rsi            0x401de7            4201959

ecx            0x47                71
rsi            0x401e06            4201990

ecx            0x7                 7
rsi            0x401e1a            4202010

ecx            0x47                71
rsi            0x401e1a            4202010

ecx            0x48                72
rsi            0x401e1a            4202010

ecx            0x49                73
rsi            0x401e1d            4202013

ecx            0x4a                74
rsi            0x401e36            4202038

ecx            0x4b                75
rsi            0x401e64            4202084

ecx            0x4c                76
rsi            0x401eb1            4202161

ecx            0x4                 4
rsi            0x401ed3            4202195

ecx            0x4c                76
rsi            0x401ed3            4202195

ecx            0x4d                77
rsi            0x401ed3            4202195

ecx            0x4e                78
rsi            0x401f09            4202249

ecx            0x4f                79
rsi            0x401f0d            4202253

ecx            0x50                80
rsi            0x401f16            4202262

ecx            0x0                 0
rsi            0x401f20            4202272

ecx            0x50                80
rsi            0x401f20            4202272

ecx            0x51                81
rsi            0x401f20            4202272

ecx            0x1                 1
rsi            0x401f35            4202293

ecx            0x51                81
rsi            0x401f35            4202293

ecx            0x52                82
rsi            0x401f35            4202293

ecx            0x53                83
rsi            0x401f3e            4202302

ecx            0x3                 3
rsi            0x401f53            4202323

ecx            0x53                83
rsi            0x401f53            4202323

ecx            0x54                84
rsi            0x401f53            4202323


Breakpoint 5, 0x0000000000401ee1 in ?? ()

Program received signal SIGINT, Interrupt.
0x0000000000401f58 in ?? ()
Num     Type           Disp Enb Address            What
1       breakpoint     keep y   0x0000000000401161 
	breakpoint already hit 1 time
2       breakpoint     keep y   0x0000000000401187 
	breakpoint already hit 1 time
3       breakpoint     keep y   0x00000000004011e3 
	breakpoint already hit 1 time
4       watchpoint     keep y                      $ecx
	breakpoint already hit 972 times
        silent
        if $rsi >= 0x401161 && $rsi < 0x401161 + 3700
          i r ecx
          i r rsi
          echo \n
        end
        continue
5       breakpoint     keep y   0x0000000000401ee1 
	breakpoint already hit 1 time
   0x401ee1:	add    rsp,0x20
   0x401ee8:	mov    rdi,0x401000
   0x401eef:	mov    esi,0x1000
   0x401ef5:	mov    edx,0x7
   0x401efa:	mov    eax,0xa
   0x401eff:	syscall 
   0x401f01:	sub    rsp,0x100
   0x401f08:	lea    rsi,[rbp+0x0]
   0x401f0c:	lea    rsi,[rbp+0x0]
   0x401f10:	and    ecx,0x0
Warning: 'set logging off', an alias for the command 'set logging enabled', is deprecated.
Use 'set logging enabled off'.

